DEBUG - 2024-12-29 14:53:05 --> Session: Class initialized using 'CodeIgniter\Session\Handlers\FileHandler' driver.
DEBUG - 2024-12-29 14:53:15 --> Session: Class initialized using 'CodeIgniter\Session\Handlers\FileHandler' driver.
DEBUG - 2024-12-29 14:53:25 --> Session: Class initialized using 'CodeIgniter\Session\Handlers\FileHandler' driver.
DEBUG - 2024-12-29 14:53:27 --> Session: Class initialized using 'CodeIgniter\Session\Handlers\FileHandler' driver.
CRITICAL - 2024-12-29 16:06:44 --> CodeIgniter\View\Exceptions\ViewException: Invalid file: "wisata/index.php"
[Method: GET, Route: wisata]
in SYSTEMPATH\Exceptions\FrameworkException.php on line 41.
 1 SYSTEMPATH\View\View.php(222): CodeIgniter\Exceptions\FrameworkException::forInvalidFile('wisata/index.php')
 2 SYSTEMPATH\Common.php(1171): CodeIgniter\View\View->render('wisata/index', [], true)
 3 APPPATH\Controllers\WisataController.php(23): view('wisata/index', [...])
 4 SYSTEMPATH\CodeIgniter.php(933): App\Controllers\WisataController->index()
 5 SYSTEMPATH\CodeIgniter.php(509): CodeIgniter\CodeIgniter->runController(Object(App\Controllers\WisataController))
 6 SYSTEMPATH\CodeIgniter.php(355): CodeIgniter\CodeIgniter->handleRequest(null, Object(Config\Cache), false)
 7 SYSTEMPATH\Boot.php(334): CodeIgniter\CodeIgniter->run()
 8 SYSTEMPATH\Boot.php(67): CodeIgniter\Boot::runCodeIgniter(Object(CodeIgniter\CodeIgniter))
 9 FCPATH\index.php(56): CodeIgniter\Boot::bootWeb(Object(Config\Paths))
10 SYSTEMPATH\rewrite.php(44): require_once('C:\\Users\\kerly\\Downloads\\Tugas-Besar-TST-II3160-K02-Kelompok-10\\Tugas-Besar-TST-II3160-K02-Kelompok-10\\public\\index.php')
CRITICAL - 2024-12-29 16:46:28 --> Error: Class "app\Filters\AuthFilter" not found
[Method: GET, Route: wisata]
in SYSTEMPATH\Filters\Filters.php on line 197.
 1 SYSTEMPATH\Filters\Filters.php(184): CodeIgniter\Filters\Filters->runBefore([...])
 2 SYSTEMPATH\CodeIgniter.php(481): CodeIgniter\Filters\Filters->run('wisata', 'before')
 3 SYSTEMPATH\CodeIgniter.php(355): CodeIgniter\CodeIgniter->handleRequest(null, Object(Config\Cache), false)
 4 SYSTEMPATH\Boot.php(334): CodeIgniter\CodeIgniter->run()
 5 SYSTEMPATH\Boot.php(67): CodeIgniter\Boot::runCodeIgniter(Object(CodeIgniter\CodeIgniter))
 6 FCPATH\index.php(56): CodeIgniter\Boot::bootWeb(Object(Config\Paths))
 7 SYSTEMPATH\rewrite.php(44): require_once('C:\\Users\\kerly\\Downloads\\Tugas-Besar-TST-II3160-K02-Kelompok-10\\Tugas-Besar-TST-II3160-K02-Kelompok-10\\public\\index.php')
DEBUG - 2024-12-29 16:46:29 --> Session: Class initialized using 'CodeIgniter\Session\Handlers\FileHandler' driver.
DEBUG - 2024-12-29 16:46:31 --> Session: Class initialized using 'CodeIgniter\Session\Handlers\FileHandler' driver.
DEBUG - 2024-12-29 16:46:32 --> Session: Class initialized using 'CodeIgniter\Session\Handlers\FileHandler' driver.
DEBUG - 2024-12-29 16:46:33 --> Session: Class initialized using 'CodeIgniter\Session\Handlers\FileHandler' driver.
DEBUG - 2024-12-29 16:46:33 --> Session: Class initialized using 'CodeIgniter\Session\Handlers\FileHandler' driver.
DEBUG - 2024-12-29 16:46:34 --> Session: Class initialized using 'CodeIgniter\Session\Handlers\FileHandler' driver.
DEBUG - 2024-12-29 16:46:34 --> Session: Class initialized using 'CodeIgniter\Session\Handlers\FileHandler' driver.
DEBUG - 2024-12-29 16:46:35 --> Session: Class initialized using 'CodeIgniter\Session\Handlers\FileHandler' driver.
DEBUG - 2024-12-29 16:46:35 --> Session: Class initialized using 'CodeIgniter\Session\Handlers\FileHandler' driver.
DEBUG - 2024-12-29 16:46:35 --> Session: Class initialized using 'CodeIgniter\Session\Handlers\FileHandler' driver.
DEBUG - 2024-12-29 16:46:51 --> Session: Class initialized using 'CodeIgniter\Session\Handlers\FileHandler' driver.
DEBUG - 2024-12-29 16:46:58 --> Session: Class initialized using 'CodeIgniter\Session\Handlers\FileHandler' driver.
DEBUG - 2024-12-29 16:47:04 --> Session: Class initialized using 'CodeIgniter\Session\Handlers\FileHandler' driver.
DEBUG - 2024-12-29 16:47:22 --> Session: Class initialized using 'CodeIgniter\Session\Handlers\FileHandler' driver.
DEBUG - 2024-12-29 16:47:23 --> Session: Class initialized using 'CodeIgniter\Session\Handlers\FileHandler' driver.
DEBUG - 2024-12-29 16:47:26 --> Session: Class initialized using 'CodeIgniter\Session\Handlers\FileHandler' driver.
DEBUG - 2024-12-29 16:47:26 --> Session: Class initialized using 'CodeIgniter\Session\Handlers\FileHandler' driver.
CRITICAL - 2024-12-29 16:50:19 --> Error: Class "app\Filters\AuthFilter" not found
[Method: GET, Route: /]
in SYSTEMPATH\Filters\Filters.php on line 197.
 1 SYSTEMPATH\Filters\Filters.php(184): CodeIgniter\Filters\Filters->runBefore([...])
 2 SYSTEMPATH\CodeIgniter.php(481): CodeIgniter\Filters\Filters->run('', 'before')
 3 SYSTEMPATH\CodeIgniter.php(355): CodeIgniter\CodeIgniter->handleRequest(null, Object(Config\Cache), false)
 4 SYSTEMPATH\Boot.php(334): CodeIgniter\CodeIgniter->run()
 5 SYSTEMPATH\Boot.php(67): CodeIgniter\Boot::runCodeIgniter(Object(CodeIgniter\CodeIgniter))
 6 FCPATH\index.php(56): CodeIgniter\Boot::bootWeb(Object(Config\Paths))
 7 SYSTEMPATH\rewrite.php(44): require_once('C:\\Users\\kerly\\Downloads\\Tugas-Besar-TST-II3160-K02-Kelompok-10\\Tugas-Besar-TST-II3160-K02-Kelompok-10\\public\\index.php')
DEBUG - 2024-12-29 16:54:04 --> Session: Class initialized using 'CodeIgniter\Session\Handlers\FileHandler' driver.
CRITICAL - 2024-12-29 16:54:04 --> Error: Cannot access protected property CodeIgniter\HTTP\IncomingRequest::$uri
[Method: GET, Route: /]
in APPPATH\Filters\AuthFilter.php on line 20.
 1 SYSTEMPATH\Filters\Filters.php(203): App\Filters\AuthFilter->before(Object(CodeIgniter\HTTP\IncomingRequest), null)
 2 SYSTEMPATH\Filters\Filters.php(184): CodeIgniter\Filters\Filters->runBefore([...])
 3 SYSTEMPATH\CodeIgniter.php(481): CodeIgniter\Filters\Filters->run('', 'before')
 4 SYSTEMPATH\CodeIgniter.php(355): CodeIgniter\CodeIgniter->handleRequest(null, Object(Config\Cache), false)
 5 SYSTEMPATH\Boot.php(334): CodeIgniter\CodeIgniter->run()
 6 SYSTEMPATH\Boot.php(67): CodeIgniter\Boot::runCodeIgniter(Object(CodeIgniter\CodeIgniter))
 7 FCPATH\index.php(56): CodeIgniter\Boot::bootWeb(Object(Config\Paths))
 8 SYSTEMPATH\rewrite.php(44): require_once('C:\\Users\\kerly\\Downloads\\Tugas-Besar-TST-II3160-K02-Kelompok-10\\Tugas-Besar-TST-II3160-K02-Kelompok-10\\public\\index.php')
DEBUG - 2024-12-29 16:56:12 --> Session: Class initialized using 'CodeIgniter\Session\Handlers\FileHandler' driver.
DEBUG - 2024-12-29 16:56:17 --> Session: Class initialized using 'CodeIgniter\Session\Handlers\FileHandler' driver.
DEBUG - 2024-12-29 16:58:30 --> Session: Class initialized using 'CodeIgniter\Session\Handlers\FileHandler' driver.
DEBUG - 2024-12-29 16:58:34 --> Session: Class initialized using 'CodeIgniter\Session\Handlers\FileHandler' driver.
DEBUG - 2024-12-29 17:00:27 --> Session: Class initialized using 'CodeIgniter\Session\Handlers\FileHandler' driver.
DEBUG - 2024-12-29 17:00:37 --> Session: Class initialized using 'CodeIgniter\Session\Handlers\FileHandler' driver.
DEBUG - 2024-12-29 17:04:07 --> login_view method called
DEBUG - 2024-12-29 17:04:07 --> Session: Class initialized using 'CodeIgniter\Session\Handlers\FileHandler' driver.
DEBUG - 2024-12-29 17:04:25 --> Session: Class initialized using 'CodeIgniter\Session\Handlers\FileHandler' driver.
DEBUG - 2024-12-29 17:04:25 --> login_view method called
DEBUG - 2024-12-29 17:06:42 --> Session: Class initialized using 'CodeIgniter\Session\Handlers\FileHandler' driver.
DEBUG - 2024-12-29 17:06:42 --> login_view method called
DEBUG - 2024-12-29 17:06:42 --> Session: Class initialized using 'CodeIgniter\Session\Handlers\FileHandler' driver.
DEBUG - 2024-12-29 17:07:03 --> login_view method called
DEBUG - 2024-12-29 17:07:04 --> Session: Class initialized using 'CodeIgniter\Session\Handlers\FileHandler' driver.
DEBUG - 2024-12-29 17:07:04 --> Session: Class initialized using 'CodeIgniter\Session\Handlers\FileHandler' driver.
DEBUG - 2024-12-29 17:07:33 --> Session: Class initialized using 'CodeIgniter\Session\Handlers\FileHandler' driver.
DEBUG - 2024-12-29 17:07:33 --> Session: Class initialized using 'CodeIgniter\Session\Handlers\FileHandler' driver.
CRITICAL - 2024-12-29 17:22:42 --> CodeIgniter\Filters\Exceptions\FilterException: "guest" filter must have a matching alias defined.
[Method: GET, Route: /]
in SYSTEMPATH\Filters\Filters.php on line 495.
 1 SYSTEMPATH\Filters\Filters.php(495): CodeIgniter\Filters\Exceptions\FilterException::forNoAlias('guest')
 2 SYSTEMPATH\Filters\Filters.php(547): CodeIgniter\Filters\Filters->enableFilter('guest', 'before')
 3 SYSTEMPATH\CodeIgniter.php(469): CodeIgniter\Filters\Filters->enableFilters([...], 'before')
 4 SYSTEMPATH\CodeIgniter.php(355): CodeIgniter\CodeIgniter->handleRequest(null, Object(Config\Cache), false)
 5 SYSTEMPATH\Boot.php(334): CodeIgniter\CodeIgniter->run()
 6 SYSTEMPATH\Boot.php(67): CodeIgniter\Boot::runCodeIgniter(Object(CodeIgniter\CodeIgniter))
 7 FCPATH\index.php(56): CodeIgniter\Boot::bootWeb(Object(Config\Paths))
 8 SYSTEMPATH\rewrite.php(44): require_once('C:\\Users\\kerly\\Downloads\\Tugas-Besar-TST-II3160-K02-Kelompok-10\\Tugas-Besar-TST-II3160-K02-Kelompok-10\\public\\index.php')
CRITICAL - 2024-12-29 17:33:32 --> CodeIgniter\Filters\Exceptions\FilterException: "guest" filter must have a matching alias defined.
[Method: GET, Route: /]
in SYSTEMPATH\Filters\Filters.php on line 495.
 1 SYSTEMPATH\Filters\Filters.php(495): CodeIgniter\Filters\Exceptions\FilterException::forNoAlias('guest')
 2 SYSTEMPATH\Filters\Filters.php(547): CodeIgniter\Filters\Filters->enableFilter('guest', 'before')
 3 SYSTEMPATH\CodeIgniter.php(469): CodeIgniter\Filters\Filters->enableFilters([...], 'before')
 4 SYSTEMPATH\CodeIgniter.php(355): CodeIgniter\CodeIgniter->handleRequest(null, Object(Config\Cache), false)
 5 SYSTEMPATH\Boot.php(334): CodeIgniter\CodeIgniter->run()
 6 SYSTEMPATH\Boot.php(67): CodeIgniter\Boot::runCodeIgniter(Object(CodeIgniter\CodeIgniter))
 7 FCPATH\index.php(56): CodeIgniter\Boot::bootWeb(Object(Config\Paths))
 8 SYSTEMPATH\rewrite.php(44): require_once('C:\\Users\\kerly\\Downloads\\Tugas-Besar-TST-II3160-K02-Kelompok-10\\Tugas-Besar-TST-II3160-K02-Kelompok-10\\public\\index.php')
DEBUG - 2024-12-29 17:43:27 --> Session: Class initialized using 'CodeIgniter\Session\Handlers\FileHandler' driver.
DEBUG - 2024-12-29 17:43:27 --> login_view method called
DEBUG - 2024-12-29 17:43:37 --> Session: Class initialized using 'CodeIgniter\Session\Handlers\FileHandler' driver.
DEBUG - 2024-12-29 17:43:37 --> login_view method called
DEBUG - 2024-12-29 17:45:45 --> Session: Class initialized using 'CodeIgniter\Session\Handlers\FileHandler' driver.
DEBUG - 2024-12-29 17:45:45 --> Session: Class initialized using 'CodeIgniter\Session\Handlers\FileHandler' driver.
WARNING - 2024-12-29 17:45:45 --> [DEPRECATED] Creation of dynamic property App\Controllers\WisataController::$validation is deprecated in APPPATH\Controllers\WisataController.php on line 18.
 1 SYSTEMPATH\CodeIgniter.php(903): App\Controllers\WisataController->__construct()
 2 SYSTEMPATH\CodeIgniter.php(500): CodeIgniter\CodeIgniter->createController()
 3 SYSTEMPATH\CodeIgniter.php(355): CodeIgniter\CodeIgniter->handleRequest(null, Object(Config\Cache), false)
 4 SYSTEMPATH\Boot.php(334): CodeIgniter\CodeIgniter->run()
 5 SYSTEMPATH\Boot.php(67): CodeIgniter\Boot::runCodeIgniter(Object(CodeIgniter\CodeIgniter))
 6 FCPATH\index.php(56): CodeIgniter\Boot::bootWeb(Object(Config\Paths))
 7 SYSTEMPATH\rewrite.php(44): require_once('C:\\Users\\kerly\\Downloads\\Tugas-Besar-TST-II3160-K02-Kelompok-10\\Tugas-Besar-TST-II3160-K02-Kelompok-10\\public\\index.php')
DEBUG - 2024-12-29 17:45:52 --> Session: Class initialized using 'CodeIgniter\Session\Handlers\FileHandler' driver.
DEBUG - 2024-12-29 17:45:52 --> Session: Class initialized using 'CodeIgniter\Session\Handlers\FileHandler' driver.
WARNING - 2024-12-29 17:45:52 --> [DEPRECATED] Creation of dynamic property App\Controllers\WisataController::$validation is deprecated in APPPATH\Controllers\WisataController.php on line 18.
 1 SYSTEMPATH\CodeIgniter.php(903): App\Controllers\WisataController->__construct()
 2 SYSTEMPATH\CodeIgniter.php(500): CodeIgniter\CodeIgniter->createController()
 3 SYSTEMPATH\CodeIgniter.php(355): CodeIgniter\CodeIgniter->handleRequest(null, Object(Config\Cache), false)
 4 SYSTEMPATH\Boot.php(334): CodeIgniter\CodeIgniter->run()
 5 SYSTEMPATH\Boot.php(67): CodeIgniter\Boot::runCodeIgniter(Object(CodeIgniter\CodeIgniter))
 6 FCPATH\index.php(56): CodeIgniter\Boot::bootWeb(Object(Config\Paths))
 7 SYSTEMPATH\rewrite.php(44): require_once('C:\\Users\\kerly\\Downloads\\Tugas-Besar-TST-II3160-K02-Kelompok-10\\Tugas-Besar-TST-II3160-K02-Kelompok-10\\public\\index.php')
DEBUG - 2024-12-29 17:46:08 --> Session: Class initialized using 'CodeIgniter\Session\Handlers\FileHandler' driver.
WARNING - 2024-12-29 17:46:08 --> [DEPRECATED] Creation of dynamic property App\Controllers\WisataController::$validation is deprecated in APPPATH\Controllers\WisataController.php on line 18.
 1 SYSTEMPATH\CodeIgniter.php(903): App\Controllers\WisataController->__construct()
 2 SYSTEMPATH\CodeIgniter.php(500): CodeIgniter\CodeIgniter->createController()
 3 SYSTEMPATH\CodeIgniter.php(355): CodeIgniter\CodeIgniter->handleRequest(null, Object(Config\Cache), false)
 4 SYSTEMPATH\Boot.php(334): CodeIgniter\CodeIgniter->run()
 5 SYSTEMPATH\Boot.php(67): CodeIgniter\Boot::runCodeIgniter(Object(CodeIgniter\CodeIgniter))
 6 FCPATH\index.php(56): CodeIgniter\Boot::bootWeb(Object(Config\Paths))
 7 SYSTEMPATH\rewrite.php(44): require_once('C:\\Users\\kerly\\Downloads\\Tugas-Besar-TST-II3160-K02-Kelompok-10\\Tugas-Besar-TST-II3160-K02-Kelompok-10\\public\\index.php')
DEBUG - 2024-12-29 17:46:18 --> Session: Class initialized using 'CodeIgniter\Session\Handlers\FileHandler' driver.
WARNING - 2024-12-29 17:46:18 --> [DEPRECATED] Creation of dynamic property App\Controllers\WisataController::$validation is deprecated in APPPATH\Controllers\WisataController.php on line 18.
 1 SYSTEMPATH\CodeIgniter.php(903): App\Controllers\WisataController->__construct()
 2 SYSTEMPATH\CodeIgniter.php(500): CodeIgniter\CodeIgniter->createController()
 3 SYSTEMPATH\CodeIgniter.php(355): CodeIgniter\CodeIgniter->handleRequest(null, Object(Config\Cache), false)
 4 SYSTEMPATH\Boot.php(334): CodeIgniter\CodeIgniter->run()
 5 SYSTEMPATH\Boot.php(67): CodeIgniter\Boot::runCodeIgniter(Object(CodeIgniter\CodeIgniter))
 6 FCPATH\index.php(56): CodeIgniter\Boot::bootWeb(Object(Config\Paths))
 7 SYSTEMPATH\rewrite.php(44): require_once('C:\\Users\\kerly\\Downloads\\Tugas-Besar-TST-II3160-K02-Kelompok-10\\Tugas-Besar-TST-II3160-K02-Kelompok-10\\public\\index.php')
DEBUG - 2024-12-29 17:46:21 --> Session: Class initialized using 'CodeIgniter\Session\Handlers\FileHandler' driver.
WARNING - 2024-12-29 17:46:21 --> [DEPRECATED] Creation of dynamic property App\Controllers\WisataController::$validation is deprecated in APPPATH\Controllers\WisataController.php on line 18.
 1 SYSTEMPATH\CodeIgniter.php(903): App\Controllers\WisataController->__construct()
 2 SYSTEMPATH\CodeIgniter.php(500): CodeIgniter\CodeIgniter->createController()
 3 SYSTEMPATH\CodeIgniter.php(355): CodeIgniter\CodeIgniter->handleRequest(null, Object(Config\Cache), false)
 4 SYSTEMPATH\Boot.php(334): CodeIgniter\CodeIgniter->run()
 5 SYSTEMPATH\Boot.php(67): CodeIgniter\Boot::runCodeIgniter(Object(CodeIgniter\CodeIgniter))
 6 FCPATH\index.php(56): CodeIgniter\Boot::bootWeb(Object(Config\Paths))
 7 SYSTEMPATH\rewrite.php(44): require_once('C:\\Users\\kerly\\Downloads\\Tugas-Besar-TST-II3160-K02-Kelompok-10\\Tugas-Besar-TST-II3160-K02-Kelompok-10\\public\\index.php')
DEBUG - 2024-12-29 17:46:56 --> Session: Class initialized using 'CodeIgniter\Session\Handlers\FileHandler' driver.
WARNING - 2024-12-29 17:46:56 --> [DEPRECATED] Creation of dynamic property App\Controllers\WisataController::$validation is deprecated in APPPATH\Controllers\WisataController.php on line 18.
 1 SYSTEMPATH\CodeIgniter.php(903): App\Controllers\WisataController->__construct()
 2 SYSTEMPATH\CodeIgniter.php(500): CodeIgniter\CodeIgniter->createController()
 3 SYSTEMPATH\CodeIgniter.php(355): CodeIgniter\CodeIgniter->handleRequest(null, Object(Config\Cache), false)
 4 SYSTEMPATH\Boot.php(334): CodeIgniter\CodeIgniter->run()
 5 SYSTEMPATH\Boot.php(67): CodeIgniter\Boot::runCodeIgniter(Object(CodeIgniter\CodeIgniter))
 6 FCPATH\index.php(56): CodeIgniter\Boot::bootWeb(Object(Config\Paths))
 7 SYSTEMPATH\rewrite.php(44): require_once('C:\\Users\\kerly\\Downloads\\Tugas-Besar-TST-II3160-K02-Kelompok-10\\Tugas-Besar-TST-II3160-K02-Kelompok-10\\public\\index.php')
DEBUG - 2024-12-29 17:47:01 --> Session: Class initialized using 'CodeIgniter\Session\Handlers\FileHandler' driver.
WARNING - 2024-12-29 17:47:01 --> [DEPRECATED] Creation of dynamic property App\Controllers\WisataController::$validation is deprecated in APPPATH\Controllers\WisataController.php on line 18.
 1 SYSTEMPATH\CodeIgniter.php(903): App\Controllers\WisataController->__construct()
 2 SYSTEMPATH\CodeIgniter.php(500): CodeIgniter\CodeIgniter->createController()
 3 SYSTEMPATH\CodeIgniter.php(355): CodeIgniter\CodeIgniter->handleRequest(null, Object(Config\Cache), false)
 4 SYSTEMPATH\Boot.php(334): CodeIgniter\CodeIgniter->run()
 5 SYSTEMPATH\Boot.php(67): CodeIgniter\Boot::runCodeIgniter(Object(CodeIgniter\CodeIgniter))
 6 FCPATH\index.php(56): CodeIgniter\Boot::bootWeb(Object(Config\Paths))
 7 SYSTEMPATH\rewrite.php(44): require_once('C:\\Users\\kerly\\Downloads\\Tugas-Besar-TST-II3160-K02-Kelompok-10\\Tugas-Besar-TST-II3160-K02-Kelompok-10\\public\\index.php')
DEBUG - 2024-12-29 17:47:35 --> Session: Class initialized using 'CodeIgniter\Session\Handlers\FileHandler' driver.
WARNING - 2024-12-29 17:47:35 --> [DEPRECATED] Creation of dynamic property App\Controllers\WisataController::$validation is deprecated in APPPATH\Controllers\WisataController.php on line 18.
 1 SYSTEMPATH\CodeIgniter.php(903): App\Controllers\WisataController->__construct()
 2 SYSTEMPATH\CodeIgniter.php(500): CodeIgniter\CodeIgniter->createController()
 3 SYSTEMPATH\CodeIgniter.php(355): CodeIgniter\CodeIgniter->handleRequest(null, Object(Config\Cache), false)
 4 SYSTEMPATH\Boot.php(334): CodeIgniter\CodeIgniter->run()
 5 SYSTEMPATH\Boot.php(67): CodeIgniter\Boot::runCodeIgniter(Object(CodeIgniter\CodeIgniter))
 6 FCPATH\index.php(56): CodeIgniter\Boot::bootWeb(Object(Config\Paths))
 7 SYSTEMPATH\rewrite.php(44): require_once('C:\\Users\\kerly\\Downloads\\Tugas-Besar-TST-II3160-K02-Kelompok-10\\Tugas-Besar-TST-II3160-K02-Kelompok-10\\public\\index.php')
DEBUG - 2024-12-29 17:47:42 --> Session: Class initialized using 'CodeIgniter\Session\Handlers\FileHandler' driver.
WARNING - 2024-12-29 17:47:42 --> [DEPRECATED] Creation of dynamic property App\Controllers\WisataController::$validation is deprecated in APPPATH\Controllers\WisataController.php on line 18.
 1 SYSTEMPATH\CodeIgniter.php(903): App\Controllers\WisataController->__construct()
 2 SYSTEMPATH\CodeIgniter.php(500): CodeIgniter\CodeIgniter->createController()
 3 SYSTEMPATH\CodeIgniter.php(355): CodeIgniter\CodeIgniter->handleRequest(null, Object(Config\Cache), false)
 4 SYSTEMPATH\Boot.php(334): CodeIgniter\CodeIgniter->run()
 5 SYSTEMPATH\Boot.php(67): CodeIgniter\Boot::runCodeIgniter(Object(CodeIgniter\CodeIgniter))
 6 FCPATH\index.php(56): CodeIgniter\Boot::bootWeb(Object(Config\Paths))
 7 SYSTEMPATH\rewrite.php(44): require_once('C:\\Users\\kerly\\Downloads\\Tugas-Besar-TST-II3160-K02-Kelompok-10\\Tugas-Besar-TST-II3160-K02-Kelompok-10\\public\\index.php')
DEBUG - 2024-12-29 17:47:48 --> Session: Class initialized using 'CodeIgniter\Session\Handlers\FileHandler' driver.
WARNING - 2024-12-29 17:47:48 --> [DEPRECATED] Creation of dynamic property App\Controllers\WisataController::$validation is deprecated in APPPATH\Controllers\WisataController.php on line 18.
 1 SYSTEMPATH\CodeIgniter.php(903): App\Controllers\WisataController->__construct()
 2 SYSTEMPATH\CodeIgniter.php(500): CodeIgniter\CodeIgniter->createController()
 3 SYSTEMPATH\CodeIgniter.php(355): CodeIgniter\CodeIgniter->handleRequest(null, Object(Config\Cache), false)
 4 SYSTEMPATH\Boot.php(334): CodeIgniter\CodeIgniter->run()
 5 SYSTEMPATH\Boot.php(67): CodeIgniter\Boot::runCodeIgniter(Object(CodeIgniter\CodeIgniter))
 6 FCPATH\index.php(56): CodeIgniter\Boot::bootWeb(Object(Config\Paths))
 7 SYSTEMPATH\rewrite.php(44): require_once('C:\\Users\\kerly\\Downloads\\Tugas-Besar-TST-II3160-K02-Kelompok-10\\Tugas-Besar-TST-II3160-K02-Kelompok-10\\public\\index.php')
DEBUG - 2024-12-29 17:47:54 --> Session: Class initialized using 'CodeIgniter\Session\Handlers\FileHandler' driver.
WARNING - 2024-12-29 17:47:54 --> [DEPRECATED] Creation of dynamic property App\Controllers\WisataController::$validation is deprecated in APPPATH\Controllers\WisataController.php on line 18.
 1 SYSTEMPATH\CodeIgniter.php(903): App\Controllers\WisataController->__construct()
 2 SYSTEMPATH\CodeIgniter.php(500): CodeIgniter\CodeIgniter->createController()
 3 SYSTEMPATH\CodeIgniter.php(355): CodeIgniter\CodeIgniter->handleRequest(null, Object(Config\Cache), false)
 4 SYSTEMPATH\Boot.php(334): CodeIgniter\CodeIgniter->run()
 5 SYSTEMPATH\Boot.php(67): CodeIgniter\Boot::runCodeIgniter(Object(CodeIgniter\CodeIgniter))
 6 FCPATH\index.php(56): CodeIgniter\Boot::bootWeb(Object(Config\Paths))
 7 SYSTEMPATH\rewrite.php(44): require_once('C:\\Users\\kerly\\Downloads\\Tugas-Besar-TST-II3160-K02-Kelompok-10\\Tugas-Besar-TST-II3160-K02-Kelompok-10\\public\\index.php')
DEBUG - 2024-12-29 17:48:41 --> Session: Class initialized using 'CodeIgniter\Session\Handlers\FileHandler' driver.
WARNING - 2024-12-29 17:48:41 --> [DEPRECATED] Creation of dynamic property App\Controllers\WisataController::$validation is deprecated in APPPATH\Controllers\WisataController.php on line 18.
 1 SYSTEMPATH\CodeIgniter.php(903): App\Controllers\WisataController->__construct()
 2 SYSTEMPATH\CodeIgniter.php(500): CodeIgniter\CodeIgniter->createController()
 3 SYSTEMPATH\CodeIgniter.php(355): CodeIgniter\CodeIgniter->handleRequest(null, Object(Config\Cache), false)
 4 SYSTEMPATH\Boot.php(334): CodeIgniter\CodeIgniter->run()
 5 SYSTEMPATH\Boot.php(67): CodeIgniter\Boot::runCodeIgniter(Object(CodeIgniter\CodeIgniter))
 6 FCPATH\index.php(56): CodeIgniter\Boot::bootWeb(Object(Config\Paths))
 7 SYSTEMPATH\rewrite.php(44): require_once('C:\\Users\\kerly\\Downloads\\Tugas-Besar-TST-II3160-K02-Kelompok-10\\Tugas-Besar-TST-II3160-K02-Kelompok-10\\public\\index.php')
DEBUG - 2024-12-29 17:48:48 --> Session: Class initialized using 'CodeIgniter\Session\Handlers\FileHandler' driver.
WARNING - 2024-12-29 17:48:48 --> [DEPRECATED] Creation of dynamic property App\Controllers\WisataController::$validation is deprecated in APPPATH\Controllers\WisataController.php on line 18.
 1 SYSTEMPATH\CodeIgniter.php(903): App\Controllers\WisataController->__construct()
 2 SYSTEMPATH\CodeIgniter.php(500): CodeIgniter\CodeIgniter->createController()
 3 SYSTEMPATH\CodeIgniter.php(355): CodeIgniter\CodeIgniter->handleRequest(null, Object(Config\Cache), false)
 4 SYSTEMPATH\Boot.php(334): CodeIgniter\CodeIgniter->run()
 5 SYSTEMPATH\Boot.php(67): CodeIgniter\Boot::runCodeIgniter(Object(CodeIgniter\CodeIgniter))
 6 FCPATH\index.php(56): CodeIgniter\Boot::bootWeb(Object(Config\Paths))
 7 SYSTEMPATH\rewrite.php(44): require_once('C:\\Users\\kerly\\Downloads\\Tugas-Besar-TST-II3160-K02-Kelompok-10\\Tugas-Besar-TST-II3160-K02-Kelompok-10\\public\\index.php')
DEBUG - 2024-12-29 17:49:29 --> Session: Class initialized using 'CodeIgniter\Session\Handlers\FileHandler' driver.
WARNING - 2024-12-29 17:49:29 --> [DEPRECATED] Creation of dynamic property App\Controllers\WisataController::$validation is deprecated in APPPATH\Controllers\WisataController.php on line 18.
 1 SYSTEMPATH\CodeIgniter.php(903): App\Controllers\WisataController->__construct()
 2 SYSTEMPATH\CodeIgniter.php(500): CodeIgniter\CodeIgniter->createController()
 3 SYSTEMPATH\CodeIgniter.php(355): CodeIgniter\CodeIgniter->handleRequest(null, Object(Config\Cache), false)
 4 SYSTEMPATH\Boot.php(334): CodeIgniter\CodeIgniter->run()
 5 SYSTEMPATH\Boot.php(67): CodeIgniter\Boot::runCodeIgniter(Object(CodeIgniter\CodeIgniter))
 6 FCPATH\index.php(56): CodeIgniter\Boot::bootWeb(Object(Config\Paths))
 7 SYSTEMPATH\rewrite.php(44): require_once('C:\\Users\\kerly\\Downloads\\Tugas-Besar-TST-II3160-K02-Kelompok-10\\Tugas-Besar-TST-II3160-K02-Kelompok-10\\public\\index.php')
DEBUG - 2024-12-29 18:02:20 --> Session: Class initialized using 'CodeIgniter\Session\Handlers\FileHandler' driver.
WARNING - 2024-12-29 18:02:20 --> [DEPRECATED] Creation of dynamic property App\Controllers\WisataController::$validation is deprecated in APPPATH\Controllers\WisataController.php on line 18.
 1 SYSTEMPATH\CodeIgniter.php(903): App\Controllers\WisataController->__construct()
 2 SYSTEMPATH\CodeIgniter.php(500): CodeIgniter\CodeIgniter->createController()
 3 SYSTEMPATH\CodeIgniter.php(355): CodeIgniter\CodeIgniter->handleRequest(null, Object(Config\Cache), false)
 4 SYSTEMPATH\Boot.php(334): CodeIgniter\CodeIgniter->run()
 5 SYSTEMPATH\Boot.php(67): CodeIgniter\Boot::runCodeIgniter(Object(CodeIgniter\CodeIgniter))
 6 FCPATH\index.php(56): CodeIgniter\Boot::bootWeb(Object(Config\Paths))
 7 SYSTEMPATH\rewrite.php(44): require_once('C:\\Users\\kerly\\Downloads\\Tugas-Besar-TST-II3160-K02-Kelompok-10\\Tugas-Besar-TST-II3160-K02-Kelompok-10\\public\\index.php')
DEBUG - 2024-12-29 18:02:26 --> Session: Class initialized using 'CodeIgniter\Session\Handlers\FileHandler' driver.
WARNING - 2024-12-29 18:02:26 --> [DEPRECATED] Creation of dynamic property App\Controllers\WisataController::$validation is deprecated in APPPATH\Controllers\WisataController.php on line 18.
 1 SYSTEMPATH\CodeIgniter.php(903): App\Controllers\WisataController->__construct()
 2 SYSTEMPATH\CodeIgniter.php(500): CodeIgniter\CodeIgniter->createController()
 3 SYSTEMPATH\CodeIgniter.php(355): CodeIgniter\CodeIgniter->handleRequest(null, Object(Config\Cache), false)
 4 SYSTEMPATH\Boot.php(334): CodeIgniter\CodeIgniter->run()
 5 SYSTEMPATH\Boot.php(67): CodeIgniter\Boot::runCodeIgniter(Object(CodeIgniter\CodeIgniter))
 6 FCPATH\index.php(56): CodeIgniter\Boot::bootWeb(Object(Config\Paths))
 7 SYSTEMPATH\rewrite.php(44): require_once('C:\\Users\\kerly\\Downloads\\Tugas-Besar-TST-II3160-K02-Kelompok-10\\Tugas-Besar-TST-II3160-K02-Kelompok-10\\public\\index.php')
DEBUG - 2024-12-29 18:02:27 --> Session: Class initialized using 'CodeIgniter\Session\Handlers\FileHandler' driver.
WARNING - 2024-12-29 18:02:27 --> [DEPRECATED] Creation of dynamic property App\Controllers\WisataController::$validation is deprecated in APPPATH\Controllers\WisataController.php on line 18.
 1 SYSTEMPATH\CodeIgniter.php(903): App\Controllers\WisataController->__construct()
 2 SYSTEMPATH\CodeIgniter.php(500): CodeIgniter\CodeIgniter->createController()
 3 SYSTEMPATH\CodeIgniter.php(355): CodeIgniter\CodeIgniter->handleRequest(null, Object(Config\Cache), false)
 4 SYSTEMPATH\Boot.php(334): CodeIgniter\CodeIgniter->run()
 5 SYSTEMPATH\Boot.php(67): CodeIgniter\Boot::runCodeIgniter(Object(CodeIgniter\CodeIgniter))
 6 FCPATH\index.php(56): CodeIgniter\Boot::bootWeb(Object(Config\Paths))
 7 SYSTEMPATH\rewrite.php(44): require_once('C:\\Users\\kerly\\Downloads\\Tugas-Besar-TST-II3160-K02-Kelompok-10\\Tugas-Besar-TST-II3160-K02-Kelompok-10\\public\\index.php')
DEBUG - 2024-12-29 18:03:25 --> Session: Class initialized using 'CodeIgniter\Session\Handlers\FileHandler' driver.
WARNING - 2024-12-29 18:03:25 --> [DEPRECATED] Creation of dynamic property App\Controllers\WisataController::$validation is deprecated in APPPATH\Controllers\WisataController.php on line 18.
 1 SYSTEMPATH\CodeIgniter.php(903): App\Controllers\WisataController->__construct()
 2 SYSTEMPATH\CodeIgniter.php(500): CodeIgniter\CodeIgniter->createController()
 3 SYSTEMPATH\CodeIgniter.php(355): CodeIgniter\CodeIgniter->handleRequest(null, Object(Config\Cache), false)
 4 SYSTEMPATH\Boot.php(334): CodeIgniter\CodeIgniter->run()
 5 SYSTEMPATH\Boot.php(67): CodeIgniter\Boot::runCodeIgniter(Object(CodeIgniter\CodeIgniter))
 6 FCPATH\index.php(56): CodeIgniter\Boot::bootWeb(Object(Config\Paths))
 7 SYSTEMPATH\rewrite.php(44): require_once('C:\\Users\\kerly\\Downloads\\Tugas-Besar-TST-II3160-K02-Kelompok-10\\Tugas-Besar-TST-II3160-K02-Kelompok-10\\public\\index.php')
DEBUG - 2024-12-29 18:03:40 --> Session: Class initialized using 'CodeIgniter\Session\Handlers\FileHandler' driver.
WARNING - 2024-12-29 18:03:40 --> [DEPRECATED] Creation of dynamic property App\Controllers\WisataController::$validation is deprecated in APPPATH\Controllers\WisataController.php on line 18.
 1 SYSTEMPATH\CodeIgniter.php(903): App\Controllers\WisataController->__construct()
 2 SYSTEMPATH\CodeIgniter.php(500): CodeIgniter\CodeIgniter->createController()
 3 SYSTEMPATH\CodeIgniter.php(355): CodeIgniter\CodeIgniter->handleRequest(null, Object(Config\Cache), false)
 4 SYSTEMPATH\Boot.php(334): CodeIgniter\CodeIgniter->run()
 5 SYSTEMPATH\Boot.php(67): CodeIgniter\Boot::runCodeIgniter(Object(CodeIgniter\CodeIgniter))
 6 FCPATH\index.php(56): CodeIgniter\Boot::bootWeb(Object(Config\Paths))
 7 SYSTEMPATH\rewrite.php(44): require_once('C:\\Users\\kerly\\Downloads\\Tugas-Besar-TST-II3160-K02-Kelompok-10\\Tugas-Besar-TST-II3160-K02-Kelompok-10\\public\\index.php')
DEBUG - 2024-12-29 18:03:43 --> Session: Class initialized using 'CodeIgniter\Session\Handlers\FileHandler' driver.
WARNING - 2024-12-29 18:03:43 --> [DEPRECATED] Creation of dynamic property App\Controllers\WisataController::$validation is deprecated in APPPATH\Controllers\WisataController.php on line 18.
 1 SYSTEMPATH\CodeIgniter.php(903): App\Controllers\WisataController->__construct()
 2 SYSTEMPATH\CodeIgniter.php(500): CodeIgniter\CodeIgniter->createController()
 3 SYSTEMPATH\CodeIgniter.php(355): CodeIgniter\CodeIgniter->handleRequest(null, Object(Config\Cache), false)
 4 SYSTEMPATH\Boot.php(334): CodeIgniter\CodeIgniter->run()
 5 SYSTEMPATH\Boot.php(67): CodeIgniter\Boot::runCodeIgniter(Object(CodeIgniter\CodeIgniter))
 6 FCPATH\index.php(56): CodeIgniter\Boot::bootWeb(Object(Config\Paths))
 7 SYSTEMPATH\rewrite.php(44): require_once('C:\\Users\\kerly\\Downloads\\Tugas-Besar-TST-II3160-K02-Kelompok-10\\Tugas-Besar-TST-II3160-K02-Kelompok-10\\public\\index.php')
DEBUG - 2024-12-29 18:03:48 --> Session: Class initialized using 'CodeIgniter\Session\Handlers\FileHandler' driver.
WARNING - 2024-12-29 18:03:48 --> [DEPRECATED] Creation of dynamic property App\Controllers\WisataController::$validation is deprecated in APPPATH\Controllers\WisataController.php on line 18.
 1 SYSTEMPATH\CodeIgniter.php(903): App\Controllers\WisataController->__construct()
 2 SYSTEMPATH\CodeIgniter.php(500): CodeIgniter\CodeIgniter->createController()
 3 SYSTEMPATH\CodeIgniter.php(355): CodeIgniter\CodeIgniter->handleRequest(null, Object(Config\Cache), false)
 4 SYSTEMPATH\Boot.php(334): CodeIgniter\CodeIgniter->run()
 5 SYSTEMPATH\Boot.php(67): CodeIgniter\Boot::runCodeIgniter(Object(CodeIgniter\CodeIgniter))
 6 FCPATH\index.php(56): CodeIgniter\Boot::bootWeb(Object(Config\Paths))
 7 SYSTEMPATH\rewrite.php(44): require_once('C:\\Users\\kerly\\Downloads\\Tugas-Besar-TST-II3160-K02-Kelompok-10\\Tugas-Besar-TST-II3160-K02-Kelompok-10\\public\\index.php')
DEBUG - 2024-12-29 18:03:51 --> Session: Class initialized using 'CodeIgniter\Session\Handlers\FileHandler' driver.
WARNING - 2024-12-29 18:03:51 --> [DEPRECATED] Creation of dynamic property App\Controllers\WisataController::$validation is deprecated in APPPATH\Controllers\WisataController.php on line 18.
 1 SYSTEMPATH\CodeIgniter.php(903): App\Controllers\WisataController->__construct()
 2 SYSTEMPATH\CodeIgniter.php(500): CodeIgniter\CodeIgniter->createController()
 3 SYSTEMPATH\CodeIgniter.php(355): CodeIgniter\CodeIgniter->handleRequest(null, Object(Config\Cache), false)
 4 SYSTEMPATH\Boot.php(334): CodeIgniter\CodeIgniter->run()
 5 SYSTEMPATH\Boot.php(67): CodeIgniter\Boot::runCodeIgniter(Object(CodeIgniter\CodeIgniter))
 6 FCPATH\index.php(56): CodeIgniter\Boot::bootWeb(Object(Config\Paths))
 7 SYSTEMPATH\rewrite.php(44): require_once('C:\\Users\\kerly\\Downloads\\Tugas-Besar-TST-II3160-K02-Kelompok-10\\Tugas-Besar-TST-II3160-K02-Kelompok-10\\public\\index.php')
DEBUG - 2024-12-29 18:05:06 --> Session: Class initialized using 'CodeIgniter\Session\Handlers\FileHandler' driver.
WARNING - 2024-12-29 18:05:06 --> [DEPRECATED] Creation of dynamic property App\Controllers\WisataController::$validation is deprecated in APPPATH\Controllers\WisataController.php on line 18.
 1 SYSTEMPATH\CodeIgniter.php(903): App\Controllers\WisataController->__construct()
 2 SYSTEMPATH\CodeIgniter.php(500): CodeIgniter\CodeIgniter->createController()
 3 SYSTEMPATH\CodeIgniter.php(355): CodeIgniter\CodeIgniter->handleRequest(null, Object(Config\Cache), false)
 4 SYSTEMPATH\Boot.php(334): CodeIgniter\CodeIgniter->run()
 5 SYSTEMPATH\Boot.php(67): CodeIgniter\Boot::runCodeIgniter(Object(CodeIgniter\CodeIgniter))
 6 FCPATH\index.php(56): CodeIgniter\Boot::bootWeb(Object(Config\Paths))
 7 SYSTEMPATH\rewrite.php(44): require_once('C:\\Users\\kerly\\Downloads\\Tugas-Besar-TST-II3160-K02-Kelompok-10\\Tugas-Besar-TST-II3160-K02-Kelompok-10\\public\\index.php')
DEBUG - 2024-12-29 18:06:15 --> Session: Class initialized using 'CodeIgniter\Session\Handlers\FileHandler' driver.
WARNING - 2024-12-29 18:06:15 --> [DEPRECATED] Creation of dynamic property App\Controllers\WisataController::$validation is deprecated in APPPATH\Controllers\WisataController.php on line 18.
 1 SYSTEMPATH\CodeIgniter.php(903): App\Controllers\WisataController->__construct()
 2 SYSTEMPATH\CodeIgniter.php(500): CodeIgniter\CodeIgniter->createController()
 3 SYSTEMPATH\CodeIgniter.php(355): CodeIgniter\CodeIgniter->handleRequest(null, Object(Config\Cache), false)
 4 SYSTEMPATH\Boot.php(334): CodeIgniter\CodeIgniter->run()
 5 SYSTEMPATH\Boot.php(67): CodeIgniter\Boot::runCodeIgniter(Object(CodeIgniter\CodeIgniter))
 6 FCPATH\index.php(56): CodeIgniter\Boot::bootWeb(Object(Config\Paths))
 7 SYSTEMPATH\rewrite.php(44): require_once('C:\\Users\\kerly\\Downloads\\Tugas-Besar-TST-II3160-K02-Kelompok-10\\Tugas-Besar-TST-II3160-K02-Kelompok-10\\public\\index.php')
DEBUG - 2024-12-29 18:07:55 --> Session: Class initialized using 'CodeIgniter\Session\Handlers\FileHandler' driver.
WARNING - 2024-12-29 18:07:56 --> [DEPRECATED] Creation of dynamic property App\Controllers\WisataController::$validation is deprecated in APPPATH\Controllers\WisataController.php on line 18.
 1 SYSTEMPATH\CodeIgniter.php(903): App\Controllers\WisataController->__construct()
 2 SYSTEMPATH\CodeIgniter.php(500): CodeIgniter\CodeIgniter->createController()
 3 SYSTEMPATH\CodeIgniter.php(355): CodeIgniter\CodeIgniter->handleRequest(null, Object(Config\Cache), false)
 4 SYSTEMPATH\Boot.php(334): CodeIgniter\CodeIgniter->run()
 5 SYSTEMPATH\Boot.php(67): CodeIgniter\Boot::runCodeIgniter(Object(CodeIgniter\CodeIgniter))
 6 FCPATH\index.php(56): CodeIgniter\Boot::bootWeb(Object(Config\Paths))
 7 SYSTEMPATH\rewrite.php(44): require_once('C:\\Users\\kerly\\Downloads\\Tugas-Besar-TST-II3160-K02-Kelompok-10\\Tugas-Besar-TST-II3160-K02-Kelompok-10\\public\\index.php')
DEBUG - 2024-12-29 18:08:09 --> Session: Class initialized using 'CodeIgniter\Session\Handlers\FileHandler' driver.
WARNING - 2024-12-29 18:08:09 --> [DEPRECATED] Creation of dynamic property App\Controllers\WisataController::$validation is deprecated in APPPATH\Controllers\WisataController.php on line 18.
 1 SYSTEMPATH\CodeIgniter.php(903): App\Controllers\WisataController->__construct()
 2 SYSTEMPATH\CodeIgniter.php(500): CodeIgniter\CodeIgniter->createController()
 3 SYSTEMPATH\CodeIgniter.php(355): CodeIgniter\CodeIgniter->handleRequest(null, Object(Config\Cache), false)
 4 SYSTEMPATH\Boot.php(334): CodeIgniter\CodeIgniter->run()
 5 SYSTEMPATH\Boot.php(67): CodeIgniter\Boot::runCodeIgniter(Object(CodeIgniter\CodeIgniter))
 6 FCPATH\index.php(56): CodeIgniter\Boot::bootWeb(Object(Config\Paths))
 7 SYSTEMPATH\rewrite.php(44): require_once('C:\\Users\\kerly\\Downloads\\Tugas-Besar-TST-II3160-K02-Kelompok-10\\Tugas-Besar-TST-II3160-K02-Kelompok-10\\public\\index.php')
DEBUG - 2024-12-29 18:08:14 --> Session: Class initialized using 'CodeIgniter\Session\Handlers\FileHandler' driver.
WARNING - 2024-12-29 18:08:14 --> [DEPRECATED] Creation of dynamic property App\Controllers\WisataController::$validation is deprecated in APPPATH\Controllers\WisataController.php on line 18.
 1 SYSTEMPATH\CodeIgniter.php(903): App\Controllers\WisataController->__construct()
 2 SYSTEMPATH\CodeIgniter.php(500): CodeIgniter\CodeIgniter->createController()
 3 SYSTEMPATH\CodeIgniter.php(355): CodeIgniter\CodeIgniter->handleRequest(null, Object(Config\Cache), false)
 4 SYSTEMPATH\Boot.php(334): CodeIgniter\CodeIgniter->run()
 5 SYSTEMPATH\Boot.php(67): CodeIgniter\Boot::runCodeIgniter(Object(CodeIgniter\CodeIgniter))
 6 FCPATH\index.php(56): CodeIgniter\Boot::bootWeb(Object(Config\Paths))
 7 SYSTEMPATH\rewrite.php(44): require_once('C:\\Users\\kerly\\Downloads\\Tugas-Besar-TST-II3160-K02-Kelompok-10\\Tugas-Besar-TST-II3160-K02-Kelompok-10\\public\\index.php')
DEBUG - 2024-12-29 18:10:40 --> Session: Class initialized using 'CodeIgniter\Session\Handlers\FileHandler' driver.
WARNING - 2024-12-29 18:10:40 --> [DEPRECATED] Creation of dynamic property App\Controllers\WisataController::$validation is deprecated in APPPATH\Controllers\WisataController.php on line 18.
 1 SYSTEMPATH\CodeIgniter.php(903): App\Controllers\WisataController->__construct()
 2 SYSTEMPATH\CodeIgniter.php(500): CodeIgniter\CodeIgniter->createController()
 3 SYSTEMPATH\CodeIgniter.php(355): CodeIgniter\CodeIgniter->handleRequest(null, Object(Config\Cache), false)
 4 SYSTEMPATH\Boot.php(334): CodeIgniter\CodeIgniter->run()
 5 SYSTEMPATH\Boot.php(67): CodeIgniter\Boot::runCodeIgniter(Object(CodeIgniter\CodeIgniter))
 6 FCPATH\index.php(56): CodeIgniter\Boot::bootWeb(Object(Config\Paths))
 7 SYSTEMPATH\rewrite.php(44): require_once('C:\\Users\\kerly\\Downloads\\Tugas-Besar-TST-II3160-K02-Kelompok-10\\Tugas-Besar-TST-II3160-K02-Kelompok-10\\public\\index.php')
DEBUG - 2024-12-29 18:10:47 --> Session: Class initialized using 'CodeIgniter\Session\Handlers\FileHandler' driver.
WARNING - 2024-12-29 18:10:47 --> [DEPRECATED] Creation of dynamic property App\Controllers\WisataController::$validation is deprecated in APPPATH\Controllers\WisataController.php on line 18.
 1 SYSTEMPATH\CodeIgniter.php(903): App\Controllers\WisataController->__construct()
 2 SYSTEMPATH\CodeIgniter.php(500): CodeIgniter\CodeIgniter->createController()
 3 SYSTEMPATH\CodeIgniter.php(355): CodeIgniter\CodeIgniter->handleRequest(null, Object(Config\Cache), false)
 4 SYSTEMPATH\Boot.php(334): CodeIgniter\CodeIgniter->run()
 5 SYSTEMPATH\Boot.php(67): CodeIgniter\Boot::runCodeIgniter(Object(CodeIgniter\CodeIgniter))
 6 FCPATH\index.php(56): CodeIgniter\Boot::bootWeb(Object(Config\Paths))
 7 SYSTEMPATH\rewrite.php(44): require_once('C:\\Users\\kerly\\Downloads\\Tugas-Besar-TST-II3160-K02-Kelompok-10\\Tugas-Besar-TST-II3160-K02-Kelompok-10\\public\\index.php')
DEBUG - 2024-12-29 18:10:51 --> Session: Class initialized using 'CodeIgniter\Session\Handlers\FileHandler' driver.
WARNING - 2024-12-29 18:10:51 --> [DEPRECATED] Creation of dynamic property App\Controllers\WisataController::$validation is deprecated in APPPATH\Controllers\WisataController.php on line 18.
 1 SYSTEMPATH\CodeIgniter.php(903): App\Controllers\WisataController->__construct()
 2 SYSTEMPATH\CodeIgniter.php(500): CodeIgniter\CodeIgniter->createController()
 3 SYSTEMPATH\CodeIgniter.php(355): CodeIgniter\CodeIgniter->handleRequest(null, Object(Config\Cache), false)
 4 SYSTEMPATH\Boot.php(334): CodeIgniter\CodeIgniter->run()
 5 SYSTEMPATH\Boot.php(67): CodeIgniter\Boot::runCodeIgniter(Object(CodeIgniter\CodeIgniter))
 6 FCPATH\index.php(56): CodeIgniter\Boot::bootWeb(Object(Config\Paths))
 7 SYSTEMPATH\rewrite.php(44): require_once('C:\\Users\\kerly\\Downloads\\Tugas-Besar-TST-II3160-K02-Kelompok-10\\Tugas-Besar-TST-II3160-K02-Kelompok-10\\public\\index.php')
DEBUG - 2024-12-29 18:10:54 --> Session: Class initialized using 'CodeIgniter\Session\Handlers\FileHandler' driver.
WARNING - 2024-12-29 18:10:54 --> [DEPRECATED] Creation of dynamic property App\Controllers\WisataController::$validation is deprecated in APPPATH\Controllers\WisataController.php on line 18.
 1 SYSTEMPATH\CodeIgniter.php(903): App\Controllers\WisataController->__construct()
 2 SYSTEMPATH\CodeIgniter.php(500): CodeIgniter\CodeIgniter->createController()
 3 SYSTEMPATH\CodeIgniter.php(355): CodeIgniter\CodeIgniter->handleRequest(null, Object(Config\Cache), false)
 4 SYSTEMPATH\Boot.php(334): CodeIgniter\CodeIgniter->run()
 5 SYSTEMPATH\Boot.php(67): CodeIgniter\Boot::runCodeIgniter(Object(CodeIgniter\CodeIgniter))
 6 FCPATH\index.php(56): CodeIgniter\Boot::bootWeb(Object(Config\Paths))
 7 SYSTEMPATH\rewrite.php(44): require_once('C:\\Users\\kerly\\Downloads\\Tugas-Besar-TST-II3160-K02-Kelompok-10\\Tugas-Besar-TST-II3160-K02-Kelompok-10\\public\\index.php')
DEBUG - 2024-12-29 18:11:23 --> Session: Class initialized using 'CodeIgniter\Session\Handlers\FileHandler' driver.
WARNING - 2024-12-29 18:11:23 --> [DEPRECATED] Creation of dynamic property App\Controllers\WisataController::$validation is deprecated in APPPATH\Controllers\WisataController.php on line 18.
 1 SYSTEMPATH\CodeIgniter.php(903): App\Controllers\WisataController->__construct()
 2 SYSTEMPATH\CodeIgniter.php(500): CodeIgniter\CodeIgniter->createController()
 3 SYSTEMPATH\CodeIgniter.php(355): CodeIgniter\CodeIgniter->handleRequest(null, Object(Config\Cache), false)
 4 SYSTEMPATH\Boot.php(334): CodeIgniter\CodeIgniter->run()
 5 SYSTEMPATH\Boot.php(67): CodeIgniter\Boot::runCodeIgniter(Object(CodeIgniter\CodeIgniter))
 6 FCPATH\index.php(56): CodeIgniter\Boot::bootWeb(Object(Config\Paths))
 7 SYSTEMPATH\rewrite.php(44): require_once('C:\\Users\\kerly\\Downloads\\Tugas-Besar-TST-II3160-K02-Kelompok-10\\Tugas-Besar-TST-II3160-K02-Kelompok-10\\public\\index.php')
DEBUG - 2024-12-29 18:11:42 --> Session: Class initialized using 'CodeIgniter\Session\Handlers\FileHandler' driver.
WARNING - 2024-12-29 18:11:42 --> [DEPRECATED] Creation of dynamic property App\Controllers\WisataController::$validation is deprecated in APPPATH\Controllers\WisataController.php on line 18.
 1 SYSTEMPATH\CodeIgniter.php(903): App\Controllers\WisataController->__construct()
 2 SYSTEMPATH\CodeIgniter.php(500): CodeIgniter\CodeIgniter->createController()
 3 SYSTEMPATH\CodeIgniter.php(355): CodeIgniter\CodeIgniter->handleRequest(null, Object(Config\Cache), false)
 4 SYSTEMPATH\Boot.php(334): CodeIgniter\CodeIgniter->run()
 5 SYSTEMPATH\Boot.php(67): CodeIgniter\Boot::runCodeIgniter(Object(CodeIgniter\CodeIgniter))
 6 FCPATH\index.php(56): CodeIgniter\Boot::bootWeb(Object(Config\Paths))
 7 SYSTEMPATH\rewrite.php(44): require_once('C:\\Users\\kerly\\Downloads\\Tugas-Besar-TST-II3160-K02-Kelompok-10\\Tugas-Besar-TST-II3160-K02-Kelompok-10\\public\\index.php')
DEBUG - 2024-12-29 18:13:41 --> Session: Class initialized using 'CodeIgniter\Session\Handlers\FileHandler' driver.
WARNING - 2024-12-29 18:13:41 --> [DEPRECATED] Creation of dynamic property App\Controllers\WisataController::$validation is deprecated in APPPATH\Controllers\WisataController.php on line 18.
 1 SYSTEMPATH\CodeIgniter.php(903): App\Controllers\WisataController->__construct()
 2 SYSTEMPATH\CodeIgniter.php(500): CodeIgniter\CodeIgniter->createController()
 3 SYSTEMPATH\CodeIgniter.php(355): CodeIgniter\CodeIgniter->handleRequest(null, Object(Config\Cache), false)
 4 SYSTEMPATH\Boot.php(334): CodeIgniter\CodeIgniter->run()
 5 SYSTEMPATH\Boot.php(67): CodeIgniter\Boot::runCodeIgniter(Object(CodeIgniter\CodeIgniter))
 6 FCPATH\index.php(56): CodeIgniter\Boot::bootWeb(Object(Config\Paths))
 7 SYSTEMPATH\rewrite.php(44): require_once('C:\\Users\\kerly\\Downloads\\Tugas-Besar-TST-II3160-K02-Kelompok-10\\Tugas-Besar-TST-II3160-K02-Kelompok-10\\public\\index.php')
DEBUG - 2024-12-29 18:15:21 --> Session: Class initialized using 'CodeIgniter\Session\Handlers\FileHandler' driver.
WARNING - 2024-12-29 18:15:21 --> [DEPRECATED] Creation of dynamic property App\Controllers\WisataController::$validation is deprecated in APPPATH\Controllers\WisataController.php on line 18.
 1 SYSTEMPATH\CodeIgniter.php(903): App\Controllers\WisataController->__construct()
 2 SYSTEMPATH\CodeIgniter.php(500): CodeIgniter\CodeIgniter->createController()
 3 SYSTEMPATH\CodeIgniter.php(355): CodeIgniter\CodeIgniter->handleRequest(null, Object(Config\Cache), false)
 4 SYSTEMPATH\Boot.php(334): CodeIgniter\CodeIgniter->run()
 5 SYSTEMPATH\Boot.php(67): CodeIgniter\Boot::runCodeIgniter(Object(CodeIgniter\CodeIgniter))
 6 FCPATH\index.php(56): CodeIgniter\Boot::bootWeb(Object(Config\Paths))
 7 SYSTEMPATH\rewrite.php(44): require_once('C:\\Users\\kerly\\Downloads\\Tugas-Besar-TST-II3160-K02-Kelompok-10\\Tugas-Besar-TST-II3160-K02-Kelompok-10\\public\\index.php')
DEBUG - 2024-12-29 18:18:01 --> Session: Class initialized using 'CodeIgniter\Session\Handlers\FileHandler' driver.
WARNING - 2024-12-29 18:18:01 --> [DEPRECATED] Creation of dynamic property App\Controllers\WisataController::$validation is deprecated in APPPATH\Controllers\WisataController.php on line 18.
 1 SYSTEMPATH\CodeIgniter.php(903): App\Controllers\WisataController->__construct()
 2 SYSTEMPATH\CodeIgniter.php(500): CodeIgniter\CodeIgniter->createController()
 3 SYSTEMPATH\CodeIgniter.php(355): CodeIgniter\CodeIgniter->handleRequest(null, Object(Config\Cache), false)
 4 SYSTEMPATH\Boot.php(334): CodeIgniter\CodeIgniter->run()
 5 SYSTEMPATH\Boot.php(67): CodeIgniter\Boot::runCodeIgniter(Object(CodeIgniter\CodeIgniter))
 6 FCPATH\index.php(56): CodeIgniter\Boot::bootWeb(Object(Config\Paths))
 7 SYSTEMPATH\rewrite.php(44): require_once('C:\\Users\\kerly\\Downloads\\Tugas-Besar-TST-II3160-K02-Kelompok-10\\Tugas-Besar-TST-II3160-K02-Kelompok-10\\public\\index.php')
DEBUG - 2024-12-29 18:18:15 --> Session: Class initialized using 'CodeIgniter\Session\Handlers\FileHandler' driver.
WARNING - 2024-12-29 18:18:15 --> [DEPRECATED] Creation of dynamic property App\Controllers\WisataController::$validation is deprecated in APPPATH\Controllers\WisataController.php on line 18.
 1 SYSTEMPATH\CodeIgniter.php(903): App\Controllers\WisataController->__construct()
 2 SYSTEMPATH\CodeIgniter.php(500): CodeIgniter\CodeIgniter->createController()
 3 SYSTEMPATH\CodeIgniter.php(355): CodeIgniter\CodeIgniter->handleRequest(null, Object(Config\Cache), false)
 4 SYSTEMPATH\Boot.php(334): CodeIgniter\CodeIgniter->run()
 5 SYSTEMPATH\Boot.php(67): CodeIgniter\Boot::runCodeIgniter(Object(CodeIgniter\CodeIgniter))
 6 FCPATH\index.php(56): CodeIgniter\Boot::bootWeb(Object(Config\Paths))
 7 SYSTEMPATH\rewrite.php(44): require_once('C:\\Users\\kerly\\Downloads\\Tugas-Besar-TST-II3160-K02-Kelompok-10\\Tugas-Besar-TST-II3160-K02-Kelompok-10\\public\\index.php')
DEBUG - 2024-12-29 18:18:49 --> Session: Class initialized using 'CodeIgniter\Session\Handlers\FileHandler' driver.
WARNING - 2024-12-29 18:18:49 --> [DEPRECATED] Creation of dynamic property App\Controllers\WisataController::$validation is deprecated in APPPATH\Controllers\WisataController.php on line 18.
 1 SYSTEMPATH\CodeIgniter.php(903): App\Controllers\WisataController->__construct()
 2 SYSTEMPATH\CodeIgniter.php(500): CodeIgniter\CodeIgniter->createController()
 3 SYSTEMPATH\CodeIgniter.php(355): CodeIgniter\CodeIgniter->handleRequest(null, Object(Config\Cache), false)
 4 SYSTEMPATH\Boot.php(334): CodeIgniter\CodeIgniter->run()
 5 SYSTEMPATH\Boot.php(67): CodeIgniter\Boot::runCodeIgniter(Object(CodeIgniter\CodeIgniter))
 6 FCPATH\index.php(56): CodeIgniter\Boot::bootWeb(Object(Config\Paths))
 7 SYSTEMPATH\rewrite.php(44): require_once('C:\\Users\\kerly\\Downloads\\Tugas-Besar-TST-II3160-K02-Kelompok-10\\Tugas-Besar-TST-II3160-K02-Kelompok-10\\public\\index.php')
DEBUG - 2024-12-29 18:18:53 --> Session: Class initialized using 'CodeIgniter\Session\Handlers\FileHandler' driver.
WARNING - 2024-12-29 18:18:53 --> [DEPRECATED] Creation of dynamic property App\Controllers\WisataController::$validation is deprecated in APPPATH\Controllers\WisataController.php on line 18.
 1 SYSTEMPATH\CodeIgniter.php(903): App\Controllers\WisataController->__construct()
 2 SYSTEMPATH\CodeIgniter.php(500): CodeIgniter\CodeIgniter->createController()
 3 SYSTEMPATH\CodeIgniter.php(355): CodeIgniter\CodeIgniter->handleRequest(null, Object(Config\Cache), false)
 4 SYSTEMPATH\Boot.php(334): CodeIgniter\CodeIgniter->run()
 5 SYSTEMPATH\Boot.php(67): CodeIgniter\Boot::runCodeIgniter(Object(CodeIgniter\CodeIgniter))
 6 FCPATH\index.php(56): CodeIgniter\Boot::bootWeb(Object(Config\Paths))
 7 SYSTEMPATH\rewrite.php(44): require_once('C:\\Users\\kerly\\Downloads\\Tugas-Besar-TST-II3160-K02-Kelompok-10\\Tugas-Besar-TST-II3160-K02-Kelompok-10\\public\\index.php')
DEBUG - 2024-12-29 18:22:25 --> Session: Class initialized using 'CodeIgniter\Session\Handlers\FileHandler' driver.
WARNING - 2024-12-29 18:22:25 --> [DEPRECATED] Creation of dynamic property App\Controllers\WisataController::$validation is deprecated in APPPATH\Controllers\WisataController.php on line 18.
 1 SYSTEMPATH\CodeIgniter.php(903): App\Controllers\WisataController->__construct()
 2 SYSTEMPATH\CodeIgniter.php(500): CodeIgniter\CodeIgniter->createController()
 3 SYSTEMPATH\CodeIgniter.php(355): CodeIgniter\CodeIgniter->handleRequest(null, Object(Config\Cache), false)
 4 SYSTEMPATH\Boot.php(334): CodeIgniter\CodeIgniter->run()
 5 SYSTEMPATH\Boot.php(67): CodeIgniter\Boot::runCodeIgniter(Object(CodeIgniter\CodeIgniter))
 6 FCPATH\index.php(56): CodeIgniter\Boot::bootWeb(Object(Config\Paths))
 7 SYSTEMPATH\rewrite.php(44): require_once('C:\\Users\\kerly\\Downloads\\Tugas-Besar-TST-II3160-K02-Kelompok-10\\Tugas-Besar-TST-II3160-K02-Kelompok-10\\public\\index.php')
DEBUG - 2024-12-29 18:23:15 --> Session: Class initialized using 'CodeIgniter\Session\Handlers\FileHandler' driver.
WARNING - 2024-12-29 18:23:15 --> [DEPRECATED] Creation of dynamic property App\Controllers\WisataController::$validation is deprecated in APPPATH\Controllers\WisataController.php on line 18.
 1 SYSTEMPATH\CodeIgniter.php(903): App\Controllers\WisataController->__construct()
 2 SYSTEMPATH\CodeIgniter.php(500): CodeIgniter\CodeIgniter->createController()
 3 SYSTEMPATH\CodeIgniter.php(355): CodeIgniter\CodeIgniter->handleRequest(null, Object(Config\Cache), false)
 4 SYSTEMPATH\Boot.php(334): CodeIgniter\CodeIgniter->run()
 5 SYSTEMPATH\Boot.php(67): CodeIgniter\Boot::runCodeIgniter(Object(CodeIgniter\CodeIgniter))
 6 FCPATH\index.php(56): CodeIgniter\Boot::bootWeb(Object(Config\Paths))
 7 SYSTEMPATH\rewrite.php(44): require_once('C:\\Users\\kerly\\Downloads\\Tugas-Besar-TST-II3160-K02-Kelompok-10\\Tugas-Besar-TST-II3160-K02-Kelompok-10\\public\\index.php')
DEBUG - 2024-12-29 18:23:16 --> Session: Class initialized using 'CodeIgniter\Session\Handlers\FileHandler' driver.
WARNING - 2024-12-29 18:23:16 --> [DEPRECATED] Creation of dynamic property App\Controllers\WisataController::$validation is deprecated in APPPATH\Controllers\WisataController.php on line 18.
 1 SYSTEMPATH\CodeIgniter.php(903): App\Controllers\WisataController->__construct()
 2 SYSTEMPATH\CodeIgniter.php(500): CodeIgniter\CodeIgniter->createController()
 3 SYSTEMPATH\CodeIgniter.php(355): CodeIgniter\CodeIgniter->handleRequest(null, Object(Config\Cache), false)
 4 SYSTEMPATH\Boot.php(334): CodeIgniter\CodeIgniter->run()
 5 SYSTEMPATH\Boot.php(67): CodeIgniter\Boot::runCodeIgniter(Object(CodeIgniter\CodeIgniter))
 6 FCPATH\index.php(56): CodeIgniter\Boot::bootWeb(Object(Config\Paths))
 7 SYSTEMPATH\rewrite.php(44): require_once('C:\\Users\\kerly\\Downloads\\Tugas-Besar-TST-II3160-K02-Kelompok-10\\Tugas-Besar-TST-II3160-K02-Kelompok-10\\public\\index.php')
DEBUG - 2024-12-29 18:23:18 --> Session: Class initialized using 'CodeIgniter\Session\Handlers\FileHandler' driver.
WARNING - 2024-12-29 18:23:18 --> [DEPRECATED] Creation of dynamic property App\Controllers\WisataController::$validation is deprecated in APPPATH\Controllers\WisataController.php on line 18.
 1 SYSTEMPATH\CodeIgniter.php(903): App\Controllers\WisataController->__construct()
 2 SYSTEMPATH\CodeIgniter.php(500): CodeIgniter\CodeIgniter->createController()
 3 SYSTEMPATH\CodeIgniter.php(355): CodeIgniter\CodeIgniter->handleRequest(null, Object(Config\Cache), false)
 4 SYSTEMPATH\Boot.php(334): CodeIgniter\CodeIgniter->run()
 5 SYSTEMPATH\Boot.php(67): CodeIgniter\Boot::runCodeIgniter(Object(CodeIgniter\CodeIgniter))
 6 FCPATH\index.php(56): CodeIgniter\Boot::bootWeb(Object(Config\Paths))
 7 SYSTEMPATH\rewrite.php(44): require_once('C:\\Users\\kerly\\Downloads\\Tugas-Besar-TST-II3160-K02-Kelompok-10\\Tugas-Besar-TST-II3160-K02-Kelompok-10\\public\\index.php')
DEBUG - 2024-12-29 18:23:19 --> Session: Class initialized using 'CodeIgniter\Session\Handlers\FileHandler' driver.
WARNING - 2024-12-29 18:23:19 --> [DEPRECATED] Creation of dynamic property App\Controllers\WisataController::$validation is deprecated in APPPATH\Controllers\WisataController.php on line 18.
 1 SYSTEMPATH\CodeIgniter.php(903): App\Controllers\WisataController->__construct()
 2 SYSTEMPATH\CodeIgniter.php(500): CodeIgniter\CodeIgniter->createController()
 3 SYSTEMPATH\CodeIgniter.php(355): CodeIgniter\CodeIgniter->handleRequest(null, Object(Config\Cache), false)
 4 SYSTEMPATH\Boot.php(334): CodeIgniter\CodeIgniter->run()
 5 SYSTEMPATH\Boot.php(67): CodeIgniter\Boot::runCodeIgniter(Object(CodeIgniter\CodeIgniter))
 6 FCPATH\index.php(56): CodeIgniter\Boot::bootWeb(Object(Config\Paths))
 7 SYSTEMPATH\rewrite.php(44): require_once('C:\\Users\\kerly\\Downloads\\Tugas-Besar-TST-II3160-K02-Kelompok-10\\Tugas-Besar-TST-II3160-K02-Kelompok-10\\public\\index.php')
DEBUG - 2024-12-29 18:24:38 --> Session: Class initialized using 'CodeIgniter\Session\Handlers\FileHandler' driver.
WARNING - 2024-12-29 18:24:38 --> [DEPRECATED] Creation of dynamic property App\Controllers\WisataController::$validation is deprecated in APPPATH\Controllers\WisataController.php on line 18.
 1 SYSTEMPATH\CodeIgniter.php(903): App\Controllers\WisataController->__construct()
 2 SYSTEMPATH\CodeIgniter.php(500): CodeIgniter\CodeIgniter->createController()
 3 SYSTEMPATH\CodeIgniter.php(355): CodeIgniter\CodeIgniter->handleRequest(null, Object(Config\Cache), false)
 4 SYSTEMPATH\Boot.php(334): CodeIgniter\CodeIgniter->run()
 5 SYSTEMPATH\Boot.php(67): CodeIgniter\Boot::runCodeIgniter(Object(CodeIgniter\CodeIgniter))
 6 FCPATH\index.php(56): CodeIgniter\Boot::bootWeb(Object(Config\Paths))
 7 SYSTEMPATH\rewrite.php(44): require_once('C:\\Users\\kerly\\Downloads\\Tugas-Besar-TST-II3160-K02-Kelompok-10\\Tugas-Besar-TST-II3160-K02-Kelompok-10\\public\\index.php')
DEBUG - 2024-12-29 18:26:41 --> Session: Class initialized using 'CodeIgniter\Session\Handlers\FileHandler' driver.
WARNING - 2024-12-29 18:26:41 --> [DEPRECATED] Creation of dynamic property App\Controllers\WisataController::$validation is deprecated in APPPATH\Controllers\WisataController.php on line 18.
 1 SYSTEMPATH\CodeIgniter.php(903): App\Controllers\WisataController->__construct()
 2 SYSTEMPATH\CodeIgniter.php(500): CodeIgniter\CodeIgniter->createController()
 3 SYSTEMPATH\CodeIgniter.php(355): CodeIgniter\CodeIgniter->handleRequest(null, Object(Config\Cache), false)
 4 SYSTEMPATH\Boot.php(334): CodeIgniter\CodeIgniter->run()
 5 SYSTEMPATH\Boot.php(67): CodeIgniter\Boot::runCodeIgniter(Object(CodeIgniter\CodeIgniter))
 6 FCPATH\index.php(56): CodeIgniter\Boot::bootWeb(Object(Config\Paths))
 7 SYSTEMPATH\rewrite.php(44): require_once('C:\\Users\\kerly\\Downloads\\Tugas-Besar-TST-II3160-K02-Kelompok-10\\Tugas-Besar-TST-II3160-K02-Kelompok-10\\public\\index.php')
DEBUG - 2024-12-29 18:28:40 --> Session: Class initialized using 'CodeIgniter\Session\Handlers\FileHandler' driver.
WARNING - 2024-12-29 18:28:40 --> [DEPRECATED] Creation of dynamic property App\Controllers\WisataController::$validation is deprecated in APPPATH\Controllers\WisataController.php on line 18.
 1 SYSTEMPATH\CodeIgniter.php(903): App\Controllers\WisataController->__construct()
 2 SYSTEMPATH\CodeIgniter.php(500): CodeIgniter\CodeIgniter->createController()
 3 SYSTEMPATH\CodeIgniter.php(355): CodeIgniter\CodeIgniter->handleRequest(null, Object(Config\Cache), false)
 4 SYSTEMPATH\Boot.php(334): CodeIgniter\CodeIgniter->run()
 5 SYSTEMPATH\Boot.php(67): CodeIgniter\Boot::runCodeIgniter(Object(CodeIgniter\CodeIgniter))
 6 FCPATH\index.php(56): CodeIgniter\Boot::bootWeb(Object(Config\Paths))
 7 SYSTEMPATH\rewrite.php(44): require_once('C:\\Users\\kerly\\Downloads\\Tugas-Besar-TST-II3160-K02-Kelompok-10\\Tugas-Besar-TST-II3160-K02-Kelompok-10\\public\\index.php')
DEBUG - 2024-12-29 18:28:48 --> Session: Class initialized using 'CodeIgniter\Session\Handlers\FileHandler' driver.
WARNING - 2024-12-29 18:28:48 --> [DEPRECATED] Creation of dynamic property App\Controllers\WisataController::$validation is deprecated in APPPATH\Controllers\WisataController.php on line 18.
 1 SYSTEMPATH\CodeIgniter.php(903): App\Controllers\WisataController->__construct()
 2 SYSTEMPATH\CodeIgniter.php(500): CodeIgniter\CodeIgniter->createController()
 3 SYSTEMPATH\CodeIgniter.php(355): CodeIgniter\CodeIgniter->handleRequest(null, Object(Config\Cache), false)
 4 SYSTEMPATH\Boot.php(334): CodeIgniter\CodeIgniter->run()
 5 SYSTEMPATH\Boot.php(67): CodeIgniter\Boot::runCodeIgniter(Object(CodeIgniter\CodeIgniter))
 6 FCPATH\index.php(56): CodeIgniter\Boot::bootWeb(Object(Config\Paths))
 7 SYSTEMPATH\rewrite.php(44): require_once('C:\\Users\\kerly\\Downloads\\Tugas-Besar-TST-II3160-K02-Kelompok-10\\Tugas-Besar-TST-II3160-K02-Kelompok-10\\public\\index.php')
DEBUG - 2024-12-29 18:29:14 --> Session: Class initialized using 'CodeIgniter\Session\Handlers\FileHandler' driver.
WARNING - 2024-12-29 18:29:14 --> [DEPRECATED] Creation of dynamic property App\Controllers\WisataController::$validation is deprecated in APPPATH\Controllers\WisataController.php on line 18.
 1 SYSTEMPATH\CodeIgniter.php(903): App\Controllers\WisataController->__construct()
 2 SYSTEMPATH\CodeIgniter.php(500): CodeIgniter\CodeIgniter->createController()
 3 SYSTEMPATH\CodeIgniter.php(355): CodeIgniter\CodeIgniter->handleRequest(null, Object(Config\Cache), false)
 4 SYSTEMPATH\Boot.php(334): CodeIgniter\CodeIgniter->run()
 5 SYSTEMPATH\Boot.php(67): CodeIgniter\Boot::runCodeIgniter(Object(CodeIgniter\CodeIgniter))
 6 FCPATH\index.php(56): CodeIgniter\Boot::bootWeb(Object(Config\Paths))
 7 SYSTEMPATH\rewrite.php(44): require_once('C:\\Users\\kerly\\Downloads\\Tugas-Besar-TST-II3160-K02-Kelompok-10\\Tugas-Besar-TST-II3160-K02-Kelompok-10\\public\\index.php')
DEBUG - 2024-12-29 18:29:27 --> Session: Class initialized using 'CodeIgniter\Session\Handlers\FileHandler' driver.
WARNING - 2024-12-29 18:29:27 --> [DEPRECATED] Creation of dynamic property App\Controllers\WisataController::$validation is deprecated in APPPATH\Controllers\WisataController.php on line 18.
 1 SYSTEMPATH\CodeIgniter.php(903): App\Controllers\WisataController->__construct()
 2 SYSTEMPATH\CodeIgniter.php(500): CodeIgniter\CodeIgniter->createController()
 3 SYSTEMPATH\CodeIgniter.php(355): CodeIgniter\CodeIgniter->handleRequest(null, Object(Config\Cache), false)
 4 SYSTEMPATH\Boot.php(334): CodeIgniter\CodeIgniter->run()
 5 SYSTEMPATH\Boot.php(67): CodeIgniter\Boot::runCodeIgniter(Object(CodeIgniter\CodeIgniter))
 6 FCPATH\index.php(56): CodeIgniter\Boot::bootWeb(Object(Config\Paths))
 7 SYSTEMPATH\rewrite.php(44): require_once('C:\\Users\\kerly\\Downloads\\Tugas-Besar-TST-II3160-K02-Kelompok-10\\Tugas-Besar-TST-II3160-K02-Kelompok-10\\public\\index.php')
DEBUG - 2024-12-29 18:30:14 --> Session: Class initialized using 'CodeIgniter\Session\Handlers\FileHandler' driver.
WARNING - 2024-12-29 18:30:14 --> [DEPRECATED] Creation of dynamic property App\Controllers\WisataController::$validation is deprecated in APPPATH\Controllers\WisataController.php on line 18.
 1 SYSTEMPATH\CodeIgniter.php(903): App\Controllers\WisataController->__construct()
 2 SYSTEMPATH\CodeIgniter.php(500): CodeIgniter\CodeIgniter->createController()
 3 SYSTEMPATH\CodeIgniter.php(355): CodeIgniter\CodeIgniter->handleRequest(null, Object(Config\Cache), false)
 4 SYSTEMPATH\Boot.php(334): CodeIgniter\CodeIgniter->run()
 5 SYSTEMPATH\Boot.php(67): CodeIgniter\Boot::runCodeIgniter(Object(CodeIgniter\CodeIgniter))
 6 FCPATH\index.php(56): CodeIgniter\Boot::bootWeb(Object(Config\Paths))
 7 SYSTEMPATH\rewrite.php(44): require_once('C:\\Users\\kerly\\Downloads\\Tugas-Besar-TST-II3160-K02-Kelompok-10\\Tugas-Besar-TST-II3160-K02-Kelompok-10\\public\\index.php')
DEBUG - 2024-12-29 18:30:34 --> Session: Class initialized using 'CodeIgniter\Session\Handlers\FileHandler' driver.
WARNING - 2024-12-29 18:30:34 --> [DEPRECATED] Creation of dynamic property App\Controllers\WisataController::$validation is deprecated in APPPATH\Controllers\WisataController.php on line 18.
 1 SYSTEMPATH\CodeIgniter.php(903): App\Controllers\WisataController->__construct()
 2 SYSTEMPATH\CodeIgniter.php(500): CodeIgniter\CodeIgniter->createController()
 3 SYSTEMPATH\CodeIgniter.php(355): CodeIgniter\CodeIgniter->handleRequest(null, Object(Config\Cache), false)
 4 SYSTEMPATH\Boot.php(334): CodeIgniter\CodeIgniter->run()
 5 SYSTEMPATH\Boot.php(67): CodeIgniter\Boot::runCodeIgniter(Object(CodeIgniter\CodeIgniter))
 6 FCPATH\index.php(56): CodeIgniter\Boot::bootWeb(Object(Config\Paths))
 7 SYSTEMPATH\rewrite.php(44): require_once('C:\\Users\\kerly\\Downloads\\Tugas-Besar-TST-II3160-K02-Kelompok-10\\Tugas-Besar-TST-II3160-K02-Kelompok-10\\public\\index.php')
DEBUG - 2024-12-29 18:32:25 --> Session: Class initialized using 'CodeIgniter\Session\Handlers\FileHandler' driver.
WARNING - 2024-12-29 18:32:25 --> [DEPRECATED] Creation of dynamic property App\Controllers\WisataController::$validation is deprecated in APPPATH\Controllers\WisataController.php on line 18.
 1 SYSTEMPATH\CodeIgniter.php(903): App\Controllers\WisataController->__construct()
 2 SYSTEMPATH\CodeIgniter.php(500): CodeIgniter\CodeIgniter->createController()
 3 SYSTEMPATH\CodeIgniter.php(355): CodeIgniter\CodeIgniter->handleRequest(null, Object(Config\Cache), false)
 4 SYSTEMPATH\Boot.php(334): CodeIgniter\CodeIgniter->run()
 5 SYSTEMPATH\Boot.php(67): CodeIgniter\Boot::runCodeIgniter(Object(CodeIgniter\CodeIgniter))
 6 FCPATH\index.php(56): CodeIgniter\Boot::bootWeb(Object(Config\Paths))
 7 SYSTEMPATH\rewrite.php(44): require_once('C:\\Users\\kerly\\Downloads\\Tugas-Besar-TST-II3160-K02-Kelompok-10\\Tugas-Besar-TST-II3160-K02-Kelompok-10\\public\\index.php')
DEBUG - 2024-12-29 18:32:40 --> Session: Class initialized using 'CodeIgniter\Session\Handlers\FileHandler' driver.
WARNING - 2024-12-29 18:32:40 --> [DEPRECATED] Creation of dynamic property App\Controllers\WisataController::$validation is deprecated in APPPATH\Controllers\WisataController.php on line 18.
 1 SYSTEMPATH\CodeIgniter.php(903): App\Controllers\WisataController->__construct()
 2 SYSTEMPATH\CodeIgniter.php(500): CodeIgniter\CodeIgniter->createController()
 3 SYSTEMPATH\CodeIgniter.php(355): CodeIgniter\CodeIgniter->handleRequest(null, Object(Config\Cache), false)
 4 SYSTEMPATH\Boot.php(334): CodeIgniter\CodeIgniter->run()
 5 SYSTEMPATH\Boot.php(67): CodeIgniter\Boot::runCodeIgniter(Object(CodeIgniter\CodeIgniter))
 6 FCPATH\index.php(56): CodeIgniter\Boot::bootWeb(Object(Config\Paths))
 7 SYSTEMPATH\rewrite.php(44): require_once('C:\\Users\\kerly\\Downloads\\Tugas-Besar-TST-II3160-K02-Kelompok-10\\Tugas-Besar-TST-II3160-K02-Kelompok-10\\public\\index.php')
DEBUG - 2024-12-29 18:33:36 --> Session: Class initialized using 'CodeIgniter\Session\Handlers\FileHandler' driver.
WARNING - 2024-12-29 18:33:36 --> [DEPRECATED] Creation of dynamic property App\Controllers\WisataController::$validation is deprecated in APPPATH\Controllers\WisataController.php on line 18.
 1 SYSTEMPATH\CodeIgniter.php(903): App\Controllers\WisataController->__construct()
 2 SYSTEMPATH\CodeIgniter.php(500): CodeIgniter\CodeIgniter->createController()
 3 SYSTEMPATH\CodeIgniter.php(355): CodeIgniter\CodeIgniter->handleRequest(null, Object(Config\Cache), false)
 4 SYSTEMPATH\Boot.php(334): CodeIgniter\CodeIgniter->run()
 5 SYSTEMPATH\Boot.php(67): CodeIgniter\Boot::runCodeIgniter(Object(CodeIgniter\CodeIgniter))
 6 FCPATH\index.php(56): CodeIgniter\Boot::bootWeb(Object(Config\Paths))
 7 SYSTEMPATH\rewrite.php(44): require_once('C:\\Users\\kerly\\Downloads\\Tugas-Besar-TST-II3160-K02-Kelompok-10\\Tugas-Besar-TST-II3160-K02-Kelompok-10\\public\\index.php')
DEBUG - 2024-12-29 18:34:03 --> Session: Class initialized using 'CodeIgniter\Session\Handlers\FileHandler' driver.
WARNING - 2024-12-29 18:34:03 --> [DEPRECATED] Creation of dynamic property App\Controllers\WisataController::$validation is deprecated in APPPATH\Controllers\WisataController.php on line 18.
 1 SYSTEMPATH\CodeIgniter.php(903): App\Controllers\WisataController->__construct()
 2 SYSTEMPATH\CodeIgniter.php(500): CodeIgniter\CodeIgniter->createController()
 3 SYSTEMPATH\CodeIgniter.php(355): CodeIgniter\CodeIgniter->handleRequest(null, Object(Config\Cache), false)
 4 SYSTEMPATH\Boot.php(334): CodeIgniter\CodeIgniter->run()
 5 SYSTEMPATH\Boot.php(67): CodeIgniter\Boot::runCodeIgniter(Object(CodeIgniter\CodeIgniter))
 6 FCPATH\index.php(56): CodeIgniter\Boot::bootWeb(Object(Config\Paths))
 7 SYSTEMPATH\rewrite.php(44): require_once('C:\\Users\\kerly\\Downloads\\Tugas-Besar-TST-II3160-K02-Kelompok-10\\Tugas-Besar-TST-II3160-K02-Kelompok-10\\public\\index.php')
DEBUG - 2024-12-29 18:34:24 --> Session: Class initialized using 'CodeIgniter\Session\Handlers\FileHandler' driver.
WARNING - 2024-12-29 18:34:24 --> [DEPRECATED] Creation of dynamic property App\Controllers\WisataController::$validation is deprecated in APPPATH\Controllers\WisataController.php on line 18.
 1 SYSTEMPATH\CodeIgniter.php(903): App\Controllers\WisataController->__construct()
 2 SYSTEMPATH\CodeIgniter.php(500): CodeIgniter\CodeIgniter->createController()
 3 SYSTEMPATH\CodeIgniter.php(355): CodeIgniter\CodeIgniter->handleRequest(null, Object(Config\Cache), false)
 4 SYSTEMPATH\Boot.php(334): CodeIgniter\CodeIgniter->run()
 5 SYSTEMPATH\Boot.php(67): CodeIgniter\Boot::runCodeIgniter(Object(CodeIgniter\CodeIgniter))
 6 FCPATH\index.php(56): CodeIgniter\Boot::bootWeb(Object(Config\Paths))
 7 SYSTEMPATH\rewrite.php(44): require_once('C:\\Users\\kerly\\Downloads\\Tugas-Besar-TST-II3160-K02-Kelompok-10\\Tugas-Besar-TST-II3160-K02-Kelompok-10\\public\\index.php')
