DEBUG - 2024-12-28 14:25:04 --> Session: Class initialized using 'CodeIgniter\Session\Handlers\FileHandler' driver.
DEBUG - 2024-12-28 14:25:24 --> Session: Class initialized using 'CodeIgniter\Session\Handlers\FileHandler' driver.
DEBUG - 2024-12-28 14:25:29 --> Session: Class initialized using 'CodeIgniter\Session\Handlers\FileHandler' driver.
DEBUG - 2024-12-28 14:27:29 --> Session: Class initialized using 'CodeIgniter\Session\Handlers\FileHandler' driver.
DEBUG - 2024-12-28 14:27:45 --> Session: Class initialized using 'CodeIgniter\Session\Handlers\FileHandler' driver.
CRITICAL - 2024-12-28 14:27:45 --> Error: Class "App\Models\User" not found
[Method: POST, Route: register_action]
in APPPATH\Controllers\AuthAPIController.php on line 19.
 1 SYSTEMPATH\CodeIgniter.php(933): App\Controllers\AuthAPIController->register_action()
 2 SYSTEMPATH\CodeIgniter.php(509): CodeIgniter\CodeIgniter->runController(Object(App\Controllers\AuthAPIController))
 3 SYSTEMPATH\CodeIgniter.php(355): CodeIgniter\CodeIgniter->handleRequest(null, Object(Config\Cache), false)
 4 SYSTEMPATH\Boot.php(334): CodeIgniter\CodeIgniter->run()
 5 SYSTEMPATH\Boot.php(67): CodeIgniter\Boot::runCodeIgniter(Object(CodeIgniter\CodeIgniter))
 6 FCPATH\index.php(56): CodeIgniter\Boot::bootWeb(Object(Config\Paths))
 7 SYSTEMPATH\rewrite.php(44): require_once('C:\\Users\\kerly\\Downloads\\Tugas-Besar-TST-II3160-K02-Kelompok-10\\Tugas-Besar-TST-II3160-K02-Kelompok-10\\public\\index.php')
DEBUG - 2024-12-28 14:28:18 --> Session: Class initialized using 'CodeIgniter\Session\Handlers\FileHandler' driver.
DEBUG - 2024-12-28 14:28:24 --> Session: Class initialized using 'CodeIgniter\Session\Handlers\FileHandler' driver.
CRITICAL - 2024-12-28 14:28:24 --> Error: Class "App\Controllers\User" not found
[Method: POST, Route: register_action]
in APPPATH\Controllers\AuthAPIController.php on line 19.
 1 SYSTEMPATH\CodeIgniter.php(933): App\Controllers\AuthAPIController->register_action()
 2 SYSTEMPATH\CodeIgniter.php(509): CodeIgniter\CodeIgniter->runController(Object(App\Controllers\AuthAPIController))
 3 SYSTEMPATH\CodeIgniter.php(355): CodeIgniter\CodeIgniter->handleRequest(null, Object(Config\Cache), false)
 4 SYSTEMPATH\Boot.php(334): CodeIgniter\CodeIgniter->run()
 5 SYSTEMPATH\Boot.php(67): CodeIgniter\Boot::runCodeIgniter(Object(CodeIgniter\CodeIgniter))
 6 FCPATH\index.php(56): CodeIgniter\Boot::bootWeb(Object(Config\Paths))
 7 SYSTEMPATH\rewrite.php(44): require_once('C:\\Users\\kerly\\Downloads\\Tugas-Besar-TST-II3160-K02-Kelompok-10\\Tugas-Besar-TST-II3160-K02-Kelompok-10\\public\\index.php')
DEBUG - 2024-12-28 14:29:27 --> Session: Class initialized using 'CodeIgniter\Session\Handlers\FileHandler' driver.
DEBUG - 2024-12-28 14:29:37 --> Session: Class initialized using 'CodeIgniter\Session\Handlers\FileHandler' driver.
ERROR - 2024-12-28 14:29:38 --> Error connecting to the database: ErrorException: mysqli::real_connect(): php_network_getaddresses: getaddrinfo for tripify-database failed: No such host is known.  in C:\Users\kerly\Downloads\Tugas-Besar-TST-II3160-K02-Kelompok-10\Tugas-Besar-TST-II3160-K02-Kelompok-10\system\Database\MySQLi\Connection.php:186
Stack trace:
#0 [internal function]: CodeIgniter\Debug\Exceptions->errorHandler(2, 'mysqli::real_co...', 'C:\\Users\\kerly\\...', 186)
#1 C:\Users\kerly\Downloads\Tugas-Besar-TST-II3160-K02-Kelompok-10\Tugas-Besar-TST-II3160-K02-Kelompok-10\system\Database\MySQLi\Connection.php(186): mysqli->real_connect('tripify-databas...', 'root', Object(SensitiveParameterValue), 'tripify', 3306, '', 0)
#2 C:\Users\kerly\Downloads\Tugas-Besar-TST-II3160-K02-Kelompok-10\Tugas-Besar-TST-II3160-K02-Kelompok-10\system\Database\BaseConnection.php(421): CodeIgniter\Database\MySQLi\Connection->connect(false)
#3 C:\Users\kerly\Downloads\Tugas-Besar-TST-II3160-K02-Kelompok-10\Tugas-Besar-TST-II3160-K02-Kelompok-10\system\Database\BaseConnection.php(616): CodeIgniter\Database\BaseConnection->initialize()
#4 C:\Users\kerly\Downloads\Tugas-Besar-TST-II3160-K02-Kelompok-10\Tugas-Besar-TST-II3160-K02-Kelompok-10\system\Database\BaseBuilder.php(1644): CodeIgniter\Database\BaseConnection->query('SELECT 1\nFROM `...', Array, false)
#5 C:\Users\kerly\Downloads\Tugas-Besar-TST-II3160-K02-Kelompok-10\Tugas-Besar-TST-II3160-K02-Kelompok-10\system\Validation\StrictRules\Rules.php(232): CodeIgniter\Database\BaseBuilder->get()
#6 C:\Users\kerly\Downloads\Tugas-Besar-TST-II3160-K02-Kelompok-10\Tugas-Besar-TST-II3160-K02-Kelompok-10\system\Validation\Validation.php(338): CodeIgniter\Validation\StrictRules\Rules->is_unique('admin', 'username', Array, NULL, 'username')
#7 C:\Users\kerly\Downloads\Tugas-Besar-TST-II3160-K02-Kelompok-10\Tugas-Besar-TST-II3160-K02-Kelompok-10\system\Validation\Validation.php(203): CodeIgniter\Validation\Validation->processRules('username', 'username', 'admin', Array, Array, 'username')
#8 C:\Users\kerly\Downloads\Tugas-Besar-TST-II3160-K02-Kelompok-10\Tugas-Besar-TST-II3160-K02-Kelompok-10\system\Controller.php(138): CodeIgniter\Validation\Validation->run()
#9 C:\Users\kerly\Downloads\Tugas-Besar-TST-II3160-K02-Kelompok-10\Tugas-Besar-TST-II3160-K02-Kelompok-10\app\Controllers\AuthAPIController.php(28): CodeIgniter\Controller->validate(Array)
#10 C:\Users\kerly\Downloads\Tugas-Besar-TST-II3160-K02-Kelompok-10\Tugas-Besar-TST-II3160-K02-Kelompok-10\system\CodeIgniter.php(933): App\Controllers\AuthAPIController->register_action()
#11 C:\Users\kerly\Downloads\Tugas-Besar-TST-II3160-K02-Kelompok-10\Tugas-Besar-TST-II3160-K02-Kelompok-10\system\CodeIgniter.php(509): CodeIgniter\CodeIgniter->runController(Object(App\Controllers\AuthAPIController))
#12 C:\Users\kerly\Downloads\Tugas-Besar-TST-II3160-K02-Kelompok-10\Tugas-Besar-TST-II3160-K02-Kelompok-10\system\CodeIgniter.php(355): CodeIgniter\CodeIgniter->handleRequest(NULL, Object(Config\Cache), false)
#13 C:\Users\kerly\Downloads\Tugas-Besar-TST-II3160-K02-Kelompok-10\Tugas-Besar-TST-II3160-K02-Kelompok-10\system\Boot.php(334): CodeIgniter\CodeIgniter->run()
#14 C:\Users\kerly\Downloads\Tugas-Besar-TST-II3160-K02-Kelompok-10\Tugas-Besar-TST-II3160-K02-Kelompok-10\system\Boot.php(67): CodeIgniter\Boot::runCodeIgniter(Object(CodeIgniter\CodeIgniter))
#15 C:\Users\kerly\Downloads\Tugas-Besar-TST-II3160-K02-Kelompok-10\Tugas-Besar-TST-II3160-K02-Kelompok-10\public\index.php(56): CodeIgniter\Boot::bootWeb(Object(Config\Paths))
#16 C:\Users\kerly\Downloads\Tugas-Besar-TST-II3160-K02-Kelompok-10\Tugas-Besar-TST-II3160-K02-Kelompok-10\system\rewrite.php(44): require_once('C:\\Users\\kerly\\...')
#17 {main}

Next mysqli_sql_exception: php_network_getaddresses: getaddrinfo for tripify-database failed: No such host is known.  in C:\Users\kerly\Downloads\Tugas-Besar-TST-II3160-K02-Kelompok-10\Tugas-Besar-TST-II3160-K02-Kelompok-10\system\Database\MySQLi\Connection.php:186
Stack trace:
#0 C:\Users\kerly\Downloads\Tugas-Besar-TST-II3160-K02-Kelompok-10\Tugas-Besar-TST-II3160-K02-Kelompok-10\system\Database\MySQLi\Connection.php(186): mysqli->real_connect('tripify-databas...', 'root', Object(SensitiveParameterValue), 'tripify', 3306, '', 0)
#1 C:\Users\kerly\Downloads\Tugas-Besar-TST-II3160-K02-Kelompok-10\Tugas-Besar-TST-II3160-K02-Kelompok-10\system\Database\BaseConnection.php(421): CodeIgniter\Database\MySQLi\Connection->connect(false)
#2 C:\Users\kerly\Downloads\Tugas-Besar-TST-II3160-K02-Kelompok-10\Tugas-Besar-TST-II3160-K02-Kelompok-10\system\Database\BaseConnection.php(616): CodeIgniter\Database\BaseConnection->initialize()
#3 C:\Users\kerly\Downloads\Tugas-Besar-TST-II3160-K02-Kelompok-10\Tugas-Besar-TST-II3160-K02-Kelompok-10\system\Database\BaseBuilder.php(1644): CodeIgniter\Database\BaseConnection->query('SELECT 1\nFROM `...', Array, false)
#4 C:\Users\kerly\Downloads\Tugas-Besar-TST-II3160-K02-Kelompok-10\Tugas-Besar-TST-II3160-K02-Kelompok-10\system\Validation\StrictRules\Rules.php(232): CodeIgniter\Database\BaseBuilder->get()
#5 C:\Users\kerly\Downloads\Tugas-Besar-TST-II3160-K02-Kelompok-10\Tugas-Besar-TST-II3160-K02-Kelompok-10\system\Validation\Validation.php(338): CodeIgniter\Validation\StrictRules\Rules->is_unique('admin', 'username', Array, NULL, 'username')
#6 C:\Users\kerly\Downloads\Tugas-Besar-TST-II3160-K02-Kelompok-10\Tugas-Besar-TST-II3160-K02-Kelompok-10\system\Validation\Validation.php(203): CodeIgniter\Validation\Validation->processRules('username', 'username', 'admin', Array, Array, 'username')
#7 C:\Users\kerly\Downloads\Tugas-Besar-TST-II3160-K02-Kelompok-10\Tugas-Besar-TST-II3160-K02-Kelompok-10\system\Controller.php(138): CodeIgniter\Validation\Validation->run()
#8 C:\Users\kerly\Downloads\Tugas-Besar-TST-II3160-K02-Kelompok-10\Tugas-Besar-TST-II3160-K02-Kelompok-10\app\Controllers\AuthAPIController.php(28): CodeIgniter\Controller->validate(Array)
#9 C:\Users\kerly\Downloads\Tugas-Besar-TST-II3160-K02-Kelompok-10\Tugas-Besar-TST-II3160-K02-Kelompok-10\system\CodeIgniter.php(933): App\Controllers\AuthAPIController->register_action()
#10 C:\Users\kerly\Downloads\Tugas-Besar-TST-II3160-K02-Kelompok-10\Tugas-Besar-TST-II3160-K02-Kelompok-10\system\CodeIgniter.php(509): CodeIgniter\CodeIgniter->runController(Object(App\Controllers\AuthAPIController))
#11 C:\Users\kerly\Downloads\Tugas-Besar-TST-II3160-K02-Kelompok-10\Tugas-Besar-TST-II3160-K02-Kelompok-10\system\CodeIgniter.php(355): CodeIgniter\CodeIgniter->handleRequest(NULL, Object(Config\Cache), false)
#12 C:\Users\kerly\Downloads\Tugas-Besar-TST-II3160-K02-Kelompok-10\Tugas-Besar-TST-II3160-K02-Kelompok-10\system\Boot.php(334): CodeIgniter\CodeIgniter->run()
#13 C:\Users\kerly\Downloads\Tugas-Besar-TST-II3160-K02-Kelompok-10\Tugas-Besar-TST-II3160-K02-Kelompok-10\system\Boot.php(67): CodeIgniter\Boot::runCodeIgniter(Object(CodeIgniter\CodeIgniter))
#14 C:\Users\kerly\Downloads\Tugas-Besar-TST-II3160-K02-Kelompok-10\Tugas-Besar-TST-II3160-K02-Kelompok-10\public\index.php(56): CodeIgniter\Boot::bootWeb(Object(Config\Paths))
#15 C:\Users\kerly\Downloads\Tugas-Besar-TST-II3160-K02-Kelompok-10\Tugas-Besar-TST-II3160-K02-Kelompok-10\system\rewrite.php(44): require_once('C:\\Users\\kerly\\...')
#16 {main}

Next CodeIgniter\Database\Exceptions\DatabaseException: php_network_getaddresses: getaddrinfo for tripify-database failed: No such host is known.  in C:\Users\kerly\Downloads\Tugas-Besar-TST-II3160-K02-Kelompok-10\Tugas-Besar-TST-II3160-K02-Kelompok-10\system\Database\MySQLi\Connection.php:231
Stack trace:
#0 C:\Users\kerly\Downloads\Tugas-Besar-TST-II3160-K02-Kelompok-10\Tugas-Besar-TST-II3160-K02-Kelompok-10\system\Database\BaseConnection.php(421): CodeIgniter\Database\MySQLi\Connection->connect(false)
#1 C:\Users\kerly\Downloads\Tugas-Besar-TST-II3160-K02-Kelompok-10\Tugas-Besar-TST-II3160-K02-Kelompok-10\system\Database\BaseConnection.php(616): CodeIgniter\Database\BaseConnection->initialize()
#2 C:\Users\kerly\Downloads\Tugas-Besar-TST-II3160-K02-Kelompok-10\Tugas-Besar-TST-II3160-K02-Kelompok-10\system\Database\BaseBuilder.php(1644): CodeIgniter\Database\BaseConnection->query('SELECT 1\nFROM `...', Array, false)
#3 C:\Users\kerly\Downloads\Tugas-Besar-TST-II3160-K02-Kelompok-10\Tugas-Besar-TST-II3160-K02-Kelompok-10\system\Validation\StrictRules\Rules.php(232): CodeIgniter\Database\BaseBuilder->get()
#4 C:\Users\kerly\Downloads\Tugas-Besar-TST-II3160-K02-Kelompok-10\Tugas-Besar-TST-II3160-K02-Kelompok-10\system\Validation\Validation.php(338): CodeIgniter\Validation\StrictRules\Rules->is_unique('admin', 'username', Array, NULL, 'username')
#5 C:\Users\kerly\Downloads\Tugas-Besar-TST-II3160-K02-Kelompok-10\Tugas-Besar-TST-II3160-K02-Kelompok-10\system\Validation\Validation.php(203): CodeIgniter\Validation\Validation->processRules('username', 'username', 'admin', Array, Array, 'username')
#6 C:\Users\kerly\Downloads\Tugas-Besar-TST-II3160-K02-Kelompok-10\Tugas-Besar-TST-II3160-K02-Kelompok-10\system\Controller.php(138): CodeIgniter\Validation\Validation->run()
#7 C:\Users\kerly\Downloads\Tugas-Besar-TST-II3160-K02-Kelompok-10\Tugas-Besar-TST-II3160-K02-Kelompok-10\app\Controllers\AuthAPIController.php(28): CodeIgniter\Controller->validate(Array)
#8 C:\Users\kerly\Downloads\Tugas-Besar-TST-II3160-K02-Kelompok-10\Tugas-Besar-TST-II3160-K02-Kelompok-10\system\CodeIgniter.php(933): App\Controllers\AuthAPIController->register_action()
#9 C:\Users\kerly\Downloads\Tugas-Besar-TST-II3160-K02-Kelompok-10\Tugas-Besar-TST-II3160-K02-Kelompok-10\system\CodeIgniter.php(509): CodeIgniter\CodeIgniter->runController(Object(App\Controllers\AuthAPIController))
#10 C:\Users\kerly\Downloads\Tugas-Besar-TST-II3160-K02-Kelompok-10\Tugas-Besar-TST-II3160-K02-Kelompok-10\system\CodeIgniter.php(355): CodeIgniter\CodeIgniter->handleRequest(NULL, Object(Config\Cache), false)
#11 C:\Users\kerly\Downloads\Tugas-Besar-TST-II3160-K02-Kelompok-10\Tugas-Besar-TST-II3160-K02-Kelompok-10\system\Boot.php(334): CodeIgniter\CodeIgniter->run()
#12 C:\Users\kerly\Downloads\Tugas-Besar-TST-II3160-K02-Kelompok-10\Tugas-Besar-TST-II3160-K02-Kelompok-10\system\Boot.php(67): CodeIgniter\Boot::runCodeIgniter(Object(CodeIgniter\CodeIgniter))
#13 C:\Users\kerly\Downloads\Tugas-Besar-TST-II3160-K02-Kelompok-10\Tugas-Besar-TST-II3160-K02-Kelompok-10\public\index.php(56): CodeIgniter\Boot::bootWeb(Object(Config\Paths))
#14 C:\Users\kerly\Downloads\Tugas-Besar-TST-II3160-K02-Kelompok-10\Tugas-Besar-TST-II3160-K02-Kelompok-10\system\rewrite.php(44): require_once('C:\\Users\\kerly\\...')
#15 {main}
CRITICAL - 2024-12-28 14:29:38 --> CodeIgniter\Database\Exceptions\DatabaseException: Unable to connect to the database.
Main connection [MySQLi]: php_network_getaddresses: getaddrinfo for tripify-database failed: No such host is known. 
[Method: POST, Route: register_action]
in SYSTEMPATH\Database\BaseConnection.php on line 467.
 1 SYSTEMPATH\Database\BaseConnection.php(616): CodeIgniter\Database\BaseConnection->initialize()
 2 SYSTEMPATH\Database\BaseBuilder.php(1644): CodeIgniter\Database\BaseConnection->query('SELECT 1
FROM `users`
WHERE `username` = :username:
 LIMIT 1', [...], false)
 3 SYSTEMPATH\Validation\StrictRules\Rules.php(232): CodeIgniter\Database\BaseBuilder->get()
 4 SYSTEMPATH\Validation\Validation.php(338): CodeIgniter\Validation\StrictRules\Rules->is_unique('admin', 'username', [...], null, 'username')
 5 SYSTEMPATH\Validation\Validation.php(203): CodeIgniter\Validation\Validation->processRules('username', 'username', 'admin', [...], [...], 'username')
 6 SYSTEMPATH\Controller.php(138): CodeIgniter\Validation\Validation->run()
 7 APPPATH\Controllers\AuthAPIController.php(28): CodeIgniter\Controller->validate([...])
 8 SYSTEMPATH\CodeIgniter.php(933): App\Controllers\AuthAPIController->register_action()
 9 SYSTEMPATH\CodeIgniter.php(509): CodeIgniter\CodeIgniter->runController(Object(App\Controllers\AuthAPIController))
10 SYSTEMPATH\CodeIgniter.php(355): CodeIgniter\CodeIgniter->handleRequest(null, Object(Config\Cache), false)
11 SYSTEMPATH\Boot.php(334): CodeIgniter\CodeIgniter->run()
12 SYSTEMPATH\Boot.php(67): CodeIgniter\Boot::runCodeIgniter(Object(CodeIgniter\CodeIgniter))
13 FCPATH\index.php(56): CodeIgniter\Boot::bootWeb(Object(Config\Paths))
14 SYSTEMPATH\rewrite.php(44): require_once('C:\\Users\\kerly\\Downloads\\Tugas-Besar-TST-II3160-K02-Kelompok-10\\Tugas-Besar-TST-II3160-K02-Kelompok-10\\public\\index.php')
DEBUG - 2024-12-28 14:32:03 --> Session: Class initialized using 'CodeIgniter\Session\Handlers\FileHandler' driver.
DEBUG - 2024-12-28 14:32:12 --> Session: Class initialized using 'CodeIgniter\Session\Handlers\FileHandler' driver.
DEBUG - 2024-12-28 14:32:12 --> Session: Class initialized using 'CodeIgniter\Session\Handlers\FileHandler' driver.
DEBUG - 2024-12-28 14:32:19 --> Session: Class initialized using 'CodeIgniter\Session\Handlers\FileHandler' driver.
CRITICAL - 2024-12-28 14:32:19 --> Error: Class "App\Controllers\User" not found
[Method: POST, Route: login_action]
in APPPATH\Controllers\AuthAPIController.php on line 51.
 1 SYSTEMPATH\CodeIgniter.php(933): App\Controllers\AuthAPIController->login_action()
 2 SYSTEMPATH\CodeIgniter.php(509): CodeIgniter\CodeIgniter->runController(Object(App\Controllers\AuthAPIController))
 3 SYSTEMPATH\CodeIgniter.php(355): CodeIgniter\CodeIgniter->handleRequest(null, Object(Config\Cache), false)
 4 SYSTEMPATH\Boot.php(334): CodeIgniter\CodeIgniter->run()
 5 SYSTEMPATH\Boot.php(67): CodeIgniter\Boot::runCodeIgniter(Object(CodeIgniter\CodeIgniter))
 6 FCPATH\index.php(56): CodeIgniter\Boot::bootWeb(Object(Config\Paths))
 7 SYSTEMPATH\rewrite.php(44): require_once('C:\\Users\\kerly\\Downloads\\Tugas-Besar-TST-II3160-K02-Kelompok-10\\Tugas-Besar-TST-II3160-K02-Kelompok-10\\public\\index.php')
DEBUG - 2024-12-28 14:33:39 --> Session: Class initialized using 'CodeIgniter\Session\Handlers\FileHandler' driver.
DEBUG - 2024-12-28 14:34:01 --> Session: Class initialized using 'CodeIgniter\Session\Handlers\FileHandler' driver.
DEBUG - 2024-12-28 14:34:04 --> Session: Class initialized using 'CodeIgniter\Session\Handlers\FileHandler' driver.
DEBUG - 2024-12-28 14:35:19 --> Session: Class initialized using 'CodeIgniter\Session\Handlers\FileHandler' driver.
DEBUG - 2024-12-28 14:41:13 --> Session: Class initialized using 'CodeIgniter\Session\Handlers\FileHandler' driver.
DEBUG - 2024-12-28 14:41:48 --> Session: Class initialized using 'CodeIgniter\Session\Handlers\FileHandler' driver.
DEBUG - 2024-12-28 14:41:54 --> Session: Class initialized using 'CodeIgniter\Session\Handlers\FileHandler' driver.
DEBUG - 2024-12-28 14:42:09 --> Session: Class initialized using 'CodeIgniter\Session\Handlers\FileHandler' driver.
DEBUG - 2024-12-28 14:42:25 --> Session: Class initialized using 'CodeIgniter\Session\Handlers\FileHandler' driver.
DEBUG - 2024-12-28 14:45:07 --> Session: Class initialized using 'CodeIgniter\Session\Handlers\FileHandler' driver.
DEBUG - 2024-12-28 14:45:41 --> Session: Class initialized using 'CodeIgniter\Session\Handlers\FileHandler' driver.
DEBUG - 2024-12-28 14:45:50 --> Session: Class initialized using 'CodeIgniter\Session\Handlers\FileHandler' driver.
DEBUG - 2024-12-28 14:48:29 --> Session: Class initialized using 'CodeIgniter\Session\Handlers\FileHandler' driver.
DEBUG - 2024-12-28 14:48:36 --> Session: Class initialized using 'CodeIgniter\Session\Handlers\FileHandler' driver.
DEBUG - 2024-12-28 14:48:53 --> Session: Class initialized using 'CodeIgniter\Session\Handlers\FileHandler' driver.
DEBUG - 2024-12-28 14:49:20 --> Session: Class initialized using 'CodeIgniter\Session\Handlers\FileHandler' driver.
DEBUG - 2024-12-28 14:51:09 --> Session: Class initialized using 'CodeIgniter\Session\Handlers\FileHandler' driver.
DEBUG - 2024-12-28 14:51:15 --> Session: Class initialized using 'CodeIgniter\Session\Handlers\FileHandler' driver.
DEBUG - 2024-12-28 14:51:17 --> Session: Class initialized using 'CodeIgniter\Session\Handlers\FileHandler' driver.
DEBUG - 2024-12-28 14:53:05 --> Session: Class initialized using 'CodeIgniter\Session\Handlers\FileHandler' driver.
DEBUG - 2024-12-28 14:53:08 --> Session: Class initialized using 'CodeIgniter\Session\Handlers\FileHandler' driver.
DEBUG - 2024-12-28 14:53:11 --> Session: Class initialized using 'CodeIgniter\Session\Handlers\FileHandler' driver.
DEBUG - 2024-12-28 14:53:16 --> Session: Class initialized using 'CodeIgniter\Session\Handlers\FileHandler' driver.
DEBUG - 2024-12-28 14:53:22 --> Session: Class initialized using 'CodeIgniter\Session\Handlers\FileHandler' driver.
DEBUG - 2024-12-28 14:53:38 --> Session: Class initialized using 'CodeIgniter\Session\Handlers\FileHandler' driver.
DEBUG - 2024-12-28 14:54:26 --> Session: Class initialized using 'CodeIgniter\Session\Handlers\FileHandler' driver.
DEBUG - 2024-12-28 14:56:40 --> Session: Class initialized using 'CodeIgniter\Session\Handlers\FileHandler' driver.
DEBUG - 2024-12-28 14:56:46 --> Session: Class initialized using 'CodeIgniter\Session\Handlers\FileHandler' driver.
DEBUG - 2024-12-28 14:56:48 --> Session: Class initialized using 'CodeIgniter\Session\Handlers\FileHandler' driver.
DEBUG - 2024-12-28 14:57:20 --> Session: Class initialized using 'CodeIgniter\Session\Handlers\FileHandler' driver.
DEBUG - 2024-12-28 14:58:36 --> Session: Class initialized using 'CodeIgniter\Session\Handlers\FileHandler' driver.
DEBUG - 2024-12-28 14:58:45 --> Session: Class initialized using 'CodeIgniter\Session\Handlers\FileHandler' driver.
DEBUG - 2024-12-28 14:59:19 --> Session: Class initialized using 'CodeIgniter\Session\Handlers\FileHandler' driver.
DEBUG - 2024-12-28 14:59:20 --> Session: Class initialized using 'CodeIgniter\Session\Handlers\FileHandler' driver.
DEBUG - 2024-12-28 14:59:31 --> Session: Class initialized using 'CodeIgniter\Session\Handlers\FileHandler' driver.
DEBUG - 2024-12-28 14:59:31 --> Session: Class initialized using 'CodeIgniter\Session\Handlers\FileHandler' driver.
DEBUG - 2024-12-28 15:00:22 --> Session: Class initialized using 'CodeIgniter\Session\Handlers\FileHandler' driver.
DEBUG - 2024-12-28 15:00:22 --> Session: Class initialized using 'CodeIgniter\Session\Handlers\FileHandler' driver.
DEBUG - 2024-12-28 15:00:25 --> Session: Class initialized using 'CodeIgniter\Session\Handlers\FileHandler' driver.
DEBUG - 2024-12-28 15:00:26 --> Session: Class initialized using 'CodeIgniter\Session\Handlers\FileHandler' driver.
DEBUG - 2024-12-28 15:00:39 --> Session: Class initialized using 'CodeIgniter\Session\Handlers\FileHandler' driver.
DEBUG - 2024-12-28 15:00:39 --> Session: Class initialized using 'CodeIgniter\Session\Handlers\FileHandler' driver.
DEBUG - 2024-12-28 15:00:46 --> Session: Class initialized using 'CodeIgniter\Session\Handlers\FileHandler' driver.
DEBUG - 2024-12-28 15:00:46 --> Session: Class initialized using 'CodeIgniter\Session\Handlers\FileHandler' driver.
DEBUG - 2024-12-28 15:01:30 --> Session: Class initialized using 'CodeIgniter\Session\Handlers\FileHandler' driver.
DEBUG - 2024-12-28 15:01:32 --> Session: Class initialized using 'CodeIgniter\Session\Handlers\FileHandler' driver.
DEBUG - 2024-12-28 15:01:36 --> Session: Class initialized using 'CodeIgniter\Session\Handlers\FileHandler' driver.
DEBUG - 2024-12-28 15:01:38 --> Session: Class initialized using 'CodeIgniter\Session\Handlers\FileHandler' driver.
DEBUG - 2024-12-28 15:17:48 --> Session: Class initialized using 'CodeIgniter\Session\Handlers\FileHandler' driver.
DEBUG - 2024-12-28 15:17:49 --> Session: Class initialized using 'CodeIgniter\Session\Handlers\FileHandler' driver.
