CRITICAL - 2025-01-09 14:22:42 --> Error: Class "App\Filters\AuthFilterA" not found
[Method: GET, Route: ammar]
in SYSTEMPATH\Filters\Filters.php on line 197.
 1 SYSTEMPATH\Filters\Filters.php(184): CodeIgniter\Filters\Filters->runBefore([...])
 2 SYSTEMPATH\CodeIgniter.php(481): CodeIgniter\Filters\Filters->run('ammar', 'before')
 3 SYSTEMPATH\CodeIgniter.php(355): CodeIgniter\CodeIgniter->handleRequest(null, Object(Config\Cache), false)
 4 SYSTEMPATH\Boot.php(334): CodeIgniter\CodeIgniter->run()
 5 SYSTEMPATH\Boot.php(67): CodeIgniter\Boot::runCodeIgniter(Object(CodeIgniter\CodeIgniter))
 6 FCPATH\index.php(56): CodeIgniter\Boot::bootWeb(Object(Config\Paths))
 7 SYSTEMPATH\rewrite.php(44): require_once('C:\\Users\\kerly\\Downloads\\Tugas-Besar-TST-II3160-K02-Kelompok-10\\Tugas-Besar-TST-II3160-K02-Kelompok-10\\public\\index.php')
CRITICAL - 2025-01-09 14:23:14 --> Error: Class "App\Filters\AuthFilterA" not found
[Method: GET, Route: ammar]
in SYSTEMPATH\Filters\Filters.php on line 197.
 1 SYSTEMPATH\Filters\Filters.php(184): CodeIgniter\Filters\Filters->runBefore([...])
 2 SYSTEMPATH\CodeIgniter.php(481): CodeIgniter\Filters\Filters->run('ammar', 'before')
 3 SYSTEMPATH\CodeIgniter.php(355): CodeIgniter\CodeIgniter->handleRequest(null, Object(Config\Cache), false)
 4 SYSTEMPATH\Boot.php(334): CodeIgniter\CodeIgniter->run()
 5 SYSTEMPATH\Boot.php(67): CodeIgniter\Boot::runCodeIgniter(Object(CodeIgniter\CodeIgniter))
 6 FCPATH\index.php(56): CodeIgniter\Boot::bootWeb(Object(Config\Paths))
 7 SYSTEMPATH\rewrite.php(44): require_once('C:\\Users\\kerly\\Downloads\\Tugas-Besar-TST-II3160-K02-Kelompok-10\\Tugas-Besar-TST-II3160-K02-Kelompok-10\\public\\index.php')
CRITICAL - 2025-01-09 14:25:42 --> Error: Class "App\Filters\AuthFilterA" not found
[Method: GET, Route: ammar]
in SYSTEMPATH\Filters\Filters.php on line 197.
 1 SYSTEMPATH\Filters\Filters.php(184): CodeIgniter\Filters\Filters->runBefore([...])
 2 SYSTEMPATH\CodeIgniter.php(481): CodeIgniter\Filters\Filters->run('ammar', 'before')
 3 SYSTEMPATH\CodeIgniter.php(355): CodeIgniter\CodeIgniter->handleRequest(null, Object(Config\Cache), false)
 4 SYSTEMPATH\Boot.php(334): CodeIgniter\CodeIgniter->run()
 5 SYSTEMPATH\Boot.php(67): CodeIgniter\Boot::runCodeIgniter(Object(CodeIgniter\CodeIgniter))
 6 FCPATH\index.php(56): CodeIgniter\Boot::bootWeb(Object(Config\Paths))
 7 SYSTEMPATH\rewrite.php(44): require_once('C:\\Users\\kerly\\Downloads\\Tugas-Besar-TST-II3160-K02-Kelompok-10\\Tugas-Besar-TST-II3160-K02-Kelompok-10\\public\\index.php')
CRITICAL - 2025-01-09 14:26:54 --> Error: Class "App\Filters\AuthFilterA" not found
[Method: GET, Route: ammar]
in SYSTEMPATH\Filters\Filters.php on line 197.
 1 SYSTEMPATH\Filters\Filters.php(184): CodeIgniter\Filters\Filters->runBefore([...])
 2 SYSTEMPATH\CodeIgniter.php(481): CodeIgniter\Filters\Filters->run('ammar', 'before')
 3 SYSTEMPATH\CodeIgniter.php(355): CodeIgniter\CodeIgniter->handleRequest(null, Object(Config\Cache), false)
 4 SYSTEMPATH\Boot.php(334): CodeIgniter\CodeIgniter->run()
 5 SYSTEMPATH\Boot.php(67): CodeIgniter\Boot::runCodeIgniter(Object(CodeIgniter\CodeIgniter))
 6 FCPATH\index.php(56): CodeIgniter\Boot::bootWeb(Object(Config\Paths))
 7 SYSTEMPATH\rewrite.php(44): require_once('C:\\Users\\kerly\\Downloads\\Tugas-Besar-TST-II3160-K02-Kelompok-10\\Tugas-Besar-TST-II3160-K02-Kelompok-10\\public\\index.php')
CRITICAL - 2025-01-09 14:27:12 --> Error: Class "App\Filters\AuthFilterA" not found
[Method: GET, Route: ammar]
in SYSTEMPATH\Filters\Filters.php on line 197.
 1 SYSTEMPATH\Filters\Filters.php(184): CodeIgniter\Filters\Filters->runBefore([...])
 2 SYSTEMPATH\CodeIgniter.php(481): CodeIgniter\Filters\Filters->run('ammar', 'before')
 3 SYSTEMPATH\CodeIgniter.php(355): CodeIgniter\CodeIgniter->handleRequest(null, Object(Config\Cache), false)
 4 SYSTEMPATH\Boot.php(334): CodeIgniter\CodeIgniter->run()
 5 SYSTEMPATH\Boot.php(67): CodeIgniter\Boot::runCodeIgniter(Object(CodeIgniter\CodeIgniter))
 6 FCPATH\index.php(56): CodeIgniter\Boot::bootWeb(Object(Config\Paths))
 7 SYSTEMPATH\rewrite.php(44): require_once('C:\\Users\\kerly\\Downloads\\Tugas-Besar-TST-II3160-K02-Kelompok-10\\Tugas-Besar-TST-II3160-K02-Kelompok-10\\public\\index.php')
CRITICAL - 2025-01-09 16:19:11 --> ErrorException: Maximum execution time of 60 seconds exceeded
[Method: POST, Route: kerlyn/login_action]
in SYSTEMPATH\Debug\Exceptions.php on line 208.
 1 [internal function]: CodeIgniter\Debug\Exceptions->shutdownHandler()
CRITICAL - 2025-01-09 16:25:59 --> ErrorException: Maximum execution time of 60 seconds exceeded
[Method: POST, Route: kerlyn/login_action]
in SYSTEMPATH\Debug\Exceptions.php on line 208.
 1 [internal function]: CodeIgniter\Debug\Exceptions->shutdownHandler()
ERROR - 2025-01-09 16:44:12 --> Error connecting to the database: mysqli_sql_exception: Unknown database 'tripify' in C:\Users\kerly\Downloads\Tugas-Besar-TST-II3160-K02-Kelompok-10\Tugas-Besar-TST-II3160-K02-Kelompok-10\system\Database\MySQLi\Connection.php:186
Stack trace:
#0 C:\Users\kerly\Downloads\Tugas-Besar-TST-II3160-K02-Kelompok-10\Tugas-Besar-TST-II3160-K02-Kelompok-10\system\Database\MySQLi\Connection.php(186): mysqli->real_connect('localhost', 'root', Object(SensitiveParameterValue), 'tripify', 3306, '', 0)
#1 C:\Users\kerly\Downloads\Tugas-Besar-TST-II3160-K02-Kelompok-10\Tugas-Besar-TST-II3160-K02-Kelompok-10\system\Database\BaseConnection.php(421): CodeIgniter\Database\MySQLi\Connection->connect(false)
#2 C:\Users\kerly\Downloads\Tugas-Besar-TST-II3160-K02-Kelompok-10\Tugas-Besar-TST-II3160-K02-Kelompok-10\system\Database\BaseConnection.php(616): CodeIgniter\Database\BaseConnection->initialize()
#3 C:\Users\kerly\Downloads\Tugas-Besar-TST-II3160-K02-Kelompok-10\Tugas-Besar-TST-II3160-K02-Kelompok-10\system\Database\BaseBuilder.php(1644): CodeIgniter\Database\BaseConnection->query('SELECT *\nFROM `...', Array, false)
#4 C:\Users\kerly\Downloads\Tugas-Besar-TST-II3160-K02-Kelompok-10\Tugas-Besar-TST-II3160-K02-Kelompok-10\system\Model.php(330): CodeIgniter\Database\BaseBuilder->get()
#5 C:\Users\kerly\Downloads\Tugas-Besar-TST-II3160-K02-Kelompok-10\Tugas-Besar-TST-II3160-K02-Kelompok-10\system\BaseModel.php(713): CodeIgniter\Model->doFirst()
#6 C:\Users\kerly\Downloads\Tugas-Besar-TST-II3160-K02-Kelompok-10\Tugas-Besar-TST-II3160-K02-Kelompok-10\app\Models\UserModel.php(34): CodeIgniter\BaseModel->first()
#7 C:\Users\kerly\Downloads\Tugas-Besar-TST-II3160-K02-Kelompok-10\Tugas-Besar-TST-II3160-K02-Kelompok-10\app\Controllers\AuthAPIController.php(63): App\Models\UserModel->getUserByUsername('admin')
#8 C:\Users\kerly\Downloads\Tugas-Besar-TST-II3160-K02-Kelompok-10\Tugas-Besar-TST-II3160-K02-Kelompok-10\system\CodeIgniter.php(933): App\Controllers\AuthAPIController->login_action()
#9 C:\Users\kerly\Downloads\Tugas-Besar-TST-II3160-K02-Kelompok-10\Tugas-Besar-TST-II3160-K02-Kelompok-10\system\CodeIgniter.php(509): CodeIgniter\CodeIgniter->runController(Object(App\Controllers\AuthAPIController))
#10 C:\Users\kerly\Downloads\Tugas-Besar-TST-II3160-K02-Kelompok-10\Tugas-Besar-TST-II3160-K02-Kelompok-10\system\CodeIgniter.php(355): CodeIgniter\CodeIgniter->handleRequest(NULL, Object(Config\Cache), false)
#11 C:\Users\kerly\Downloads\Tugas-Besar-TST-II3160-K02-Kelompok-10\Tugas-Besar-TST-II3160-K02-Kelompok-10\system\Boot.php(334): CodeIgniter\CodeIgniter->run()
#12 C:\Users\kerly\Downloads\Tugas-Besar-TST-II3160-K02-Kelompok-10\Tugas-Besar-TST-II3160-K02-Kelompok-10\system\Boot.php(67): CodeIgniter\Boot::runCodeIgniter(Object(CodeIgniter\CodeIgniter))
#13 C:\Users\kerly\Downloads\Tugas-Besar-TST-II3160-K02-Kelompok-10\Tugas-Besar-TST-II3160-K02-Kelompok-10\public\index.php(56): CodeIgniter\Boot::bootWeb(Object(Config\Paths))
#14 C:\Users\kerly\Downloads\Tugas-Besar-TST-II3160-K02-Kelompok-10\Tugas-Besar-TST-II3160-K02-Kelompok-10\system\rewrite.php(44): require_once('C:\\Users\\kerly\\...')
#15 {main}

Next CodeIgniter\Database\Exceptions\DatabaseException: Unknown database 'tripify' in C:\Users\kerly\Downloads\Tugas-Besar-TST-II3160-K02-Kelompok-10\Tugas-Besar-TST-II3160-K02-Kelompok-10\system\Database\MySQLi\Connection.php:231
Stack trace:
#0 C:\Users\kerly\Downloads\Tugas-Besar-TST-II3160-K02-Kelompok-10\Tugas-Besar-TST-II3160-K02-Kelompok-10\system\Database\BaseConnection.php(421): CodeIgniter\Database\MySQLi\Connection->connect(false)
#1 C:\Users\kerly\Downloads\Tugas-Besar-TST-II3160-K02-Kelompok-10\Tugas-Besar-TST-II3160-K02-Kelompok-10\system\Database\BaseConnection.php(616): CodeIgniter\Database\BaseConnection->initialize()
#2 C:\Users\kerly\Downloads\Tugas-Besar-TST-II3160-K02-Kelompok-10\Tugas-Besar-TST-II3160-K02-Kelompok-10\system\Database\BaseBuilder.php(1644): CodeIgniter\Database\BaseConnection->query('SELECT *\nFROM `...', Array, false)
#3 C:\Users\kerly\Downloads\Tugas-Besar-TST-II3160-K02-Kelompok-10\Tugas-Besar-TST-II3160-K02-Kelompok-10\system\Model.php(330): CodeIgniter\Database\BaseBuilder->get()
#4 C:\Users\kerly\Downloads\Tugas-Besar-TST-II3160-K02-Kelompok-10\Tugas-Besar-TST-II3160-K02-Kelompok-10\system\BaseModel.php(713): CodeIgniter\Model->doFirst()
#5 C:\Users\kerly\Downloads\Tugas-Besar-TST-II3160-K02-Kelompok-10\Tugas-Besar-TST-II3160-K02-Kelompok-10\app\Models\UserModel.php(34): CodeIgniter\BaseModel->first()
#6 C:\Users\kerly\Downloads\Tugas-Besar-TST-II3160-K02-Kelompok-10\Tugas-Besar-TST-II3160-K02-Kelompok-10\app\Controllers\AuthAPIController.php(63): App\Models\UserModel->getUserByUsername('admin')
#7 C:\Users\kerly\Downloads\Tugas-Besar-TST-II3160-K02-Kelompok-10\Tugas-Besar-TST-II3160-K02-Kelompok-10\system\CodeIgniter.php(933): App\Controllers\AuthAPIController->login_action()
#8 C:\Users\kerly\Downloads\Tugas-Besar-TST-II3160-K02-Kelompok-10\Tugas-Besar-TST-II3160-K02-Kelompok-10\system\CodeIgniter.php(509): CodeIgniter\CodeIgniter->runController(Object(App\Controllers\AuthAPIController))
#9 C:\Users\kerly\Downloads\Tugas-Besar-TST-II3160-K02-Kelompok-10\Tugas-Besar-TST-II3160-K02-Kelompok-10\system\CodeIgniter.php(355): CodeIgniter\CodeIgniter->handleRequest(NULL, Object(Config\Cache), false)
#10 C:\Users\kerly\Downloads\Tugas-Besar-TST-II3160-K02-Kelompok-10\Tugas-Besar-TST-II3160-K02-Kelompok-10\system\Boot.php(334): CodeIgniter\CodeIgniter->run()
#11 C:\Users\kerly\Downloads\Tugas-Besar-TST-II3160-K02-Kelompok-10\Tugas-Besar-TST-II3160-K02-Kelompok-10\system\Boot.php(67): CodeIgniter\Boot::runCodeIgniter(Object(CodeIgniter\CodeIgniter))
#12 C:\Users\kerly\Downloads\Tugas-Besar-TST-II3160-K02-Kelompok-10\Tugas-Besar-TST-II3160-K02-Kelompok-10\public\index.php(56): CodeIgniter\Boot::bootWeb(Object(Config\Paths))
#13 C:\Users\kerly\Downloads\Tugas-Besar-TST-II3160-K02-Kelompok-10\Tugas-Besar-TST-II3160-K02-Kelompok-10\system\rewrite.php(44): require_once('C:\\Users\\kerly\\...')
#14 {main}
CRITICAL - 2025-01-09 16:44:12 --> CodeIgniter\Database\Exceptions\DatabaseException: Unable to connect to the database.
Main connection [MySQLi]: Unknown database 'tripify'
[Method: POST, Route: kerlyn/login_action]
in SYSTEMPATH\Database\BaseConnection.php on line 467.
 1 SYSTEMPATH\Database\BaseConnection.php(616): CodeIgniter\Database\BaseConnection->initialize()
 2 SYSTEMPATH\Database\BaseBuilder.php(1644): CodeIgniter\Database\BaseConnection->query('SELECT *
FROM `user`
WHERE `username` = :username:
 LIMIT 1', [...], false)
 3 SYSTEMPATH\Model.php(330): CodeIgniter\Database\BaseBuilder->get()
 4 SYSTEMPATH\BaseModel.php(713): CodeIgniter\Model->doFirst()
 5 APPPATH\Models\UserModel.php(34): CodeIgniter\BaseModel->first()
 6 APPPATH\Controllers\AuthAPIController.php(63): App\Models\UserModel->getUserByUsername('admin')
 7 SYSTEMPATH\CodeIgniter.php(933): App\Controllers\AuthAPIController->login_action()
 8 SYSTEMPATH\CodeIgniter.php(509): CodeIgniter\CodeIgniter->runController(Object(App\Controllers\AuthAPIController))
 9 SYSTEMPATH\CodeIgniter.php(355): CodeIgniter\CodeIgniter->handleRequest(null, Object(Config\Cache), false)
10 SYSTEMPATH\Boot.php(334): CodeIgniter\CodeIgniter->run()
11 SYSTEMPATH\Boot.php(67): CodeIgniter\Boot::runCodeIgniter(Object(CodeIgniter\CodeIgniter))
12 FCPATH\index.php(56): CodeIgniter\Boot::bootWeb(Object(Config\Paths))
13 SYSTEMPATH\rewrite.php(44): require_once('C:\\Users\\kerly\\Downloads\\Tugas-Besar-TST-II3160-K02-Kelompok-10\\Tugas-Besar-TST-II3160-K02-Kelompok-10\\public\\index.php')
CRITICAL - 2025-01-09 17:22:38 --> Error: Call to a member function getDataUsers() on null
[Method: POST, Route: ammar/login_action]
in APPPATH\Controllers\LoginController.php on line 12.
 1 SYSTEMPATH\CodeIgniter.php(933): App\Controllers\LoginController->login_actionA()
 2 SYSTEMPATH\CodeIgniter.php(509): CodeIgniter\CodeIgniter->runController(Object(App\Controllers\LoginController))
 3 SYSTEMPATH\CodeIgniter.php(355): CodeIgniter\CodeIgniter->handleRequest(null, Object(Config\Cache), false)
 4 SYSTEMPATH\Boot.php(334): CodeIgniter\CodeIgniter->run()
 5 SYSTEMPATH\Boot.php(67): CodeIgniter\Boot::runCodeIgniter(Object(CodeIgniter\CodeIgniter))
 6 FCPATH\index.php(56): CodeIgniter\Boot::bootWeb(Object(Config\Paths))
 7 SYSTEMPATH\rewrite.php(44): require_once('C:\\Users\\kerly\\Downloads\\Tugas-Besar-TST-II3160-K02-Kelompok-10\\Tugas-Besar-TST-II3160-K02-Kelompok-10\\public\\index.php')
CRITICAL - 2025-01-09 17:55:32 --> Error: Call to a member function getDataUsers() on null
[Method: POST, Route: ammar/login_action]
in APPPATH\Controllers\LoginController.php on line 12.
 1 SYSTEMPATH\CodeIgniter.php(933): App\Controllers\LoginController->login_actionA()
 2 SYSTEMPATH\CodeIgniter.php(509): CodeIgniter\CodeIgniter->runController(Object(App\Controllers\LoginController))
 3 SYSTEMPATH\CodeIgniter.php(355): CodeIgniter\CodeIgniter->handleRequest(null, Object(Config\Cache), false)
 4 SYSTEMPATH\Boot.php(334): CodeIgniter\CodeIgniter->run()
 5 SYSTEMPATH\Boot.php(67): CodeIgniter\Boot::runCodeIgniter(Object(CodeIgniter\CodeIgniter))
 6 FCPATH\index.php(56): CodeIgniter\Boot::bootWeb(Object(Config\Paths))
 7 SYSTEMPATH\rewrite.php(44): require_once('C:\\Users\\kerly\\Downloads\\Tugas-Besar-TST-II3160-K02-Kelompok-10\\Tugas-Besar-TST-II3160-K02-Kelompok-10\\public\\index.php')
CRITICAL - 2025-01-09 23:45:21 --> Error: Class "App\Models\TripDetailModel" not found
[Method: GET, Route: kerlyn/trip]
in APPPATH\Controllers\TripController.php on line 18.
 1 SYSTEMPATH\CodeIgniter.php(903): App\Controllers\TripController->__construct()
 2 SYSTEMPATH\CodeIgniter.php(500): CodeIgniter\CodeIgniter->createController()
 3 SYSTEMPATH\CodeIgniter.php(355): CodeIgniter\CodeIgniter->handleRequest(null, Object(Config\Cache), false)
 4 SYSTEMPATH\Boot.php(334): CodeIgniter\CodeIgniter->run()
 5 SYSTEMPATH\Boot.php(67): CodeIgniter\Boot::runCodeIgniter(Object(CodeIgniter\CodeIgniter))
 6 FCPATH\index.php(56): CodeIgniter\Boot::bootWeb(Object(Config\Paths))
 7 SYSTEMPATH\rewrite.php(44): require_once('C:\\Users\\kerly\\Downloads\\Tugas-Besar-TST-II3160-K02-Kelompok-10\\Tugas-Besar-TST-II3160-K02-Kelompok-10\\public\\index.php')
CRITICAL - 2025-01-09 23:46:08 --> Error: Class "App\Models\TripDetailModel" not found
[Method: GET, Route: kerlyn/trip]
in APPPATH\Controllers\TripController.php on line 18.
 1 SYSTEMPATH\CodeIgniter.php(903): App\Controllers\TripController->__construct()
 2 SYSTEMPATH\CodeIgniter.php(500): CodeIgniter\CodeIgniter->createController()
 3 SYSTEMPATH\CodeIgniter.php(355): CodeIgniter\CodeIgniter->handleRequest(null, Object(Config\Cache), false)
 4 SYSTEMPATH\Boot.php(334): CodeIgniter\CodeIgniter->run()
 5 SYSTEMPATH\Boot.php(67): CodeIgniter\Boot::runCodeIgniter(Object(CodeIgniter\CodeIgniter))
 6 FCPATH\index.php(56): CodeIgniter\Boot::bootWeb(Object(Config\Paths))
 7 SYSTEMPATH\rewrite.php(44): require_once('C:\\Users\\kerly\\Downloads\\Tugas-Besar-TST-II3160-K02-Kelompok-10\\Tugas-Besar-TST-II3160-K02-Kelompok-10\\public\\index.php')
CRITICAL - 2025-01-09 23:46:11 --> CodeIgniter\HTTP\Exceptions\BadRequestException: The URI you submitted has disallowed characters: "*"
[Method: GET, Route: kerlyn/trip/%2A]
in SYSTEMPATH\Router\Router.php on line 737.
 1 SYSTEMPATH\Router\Router.php(204): CodeIgniter\Router\Router->checkDisallowedChars('kerlyn/trip/*')
 2 SYSTEMPATH\CodeIgniter.php(834): CodeIgniter\Router\Router->handle('kerlyn/trip/*')
 3 SYSTEMPATH\CodeIgniter.php(457): CodeIgniter\CodeIgniter->tryToRouteIt(Object(CodeIgniter\Router\RouteCollection))
 4 SYSTEMPATH\CodeIgniter.php(355): CodeIgniter\CodeIgniter->handleRequest(null, Object(Config\Cache), false)
 5 SYSTEMPATH\Boot.php(334): CodeIgniter\CodeIgniter->run()
 6 SYSTEMPATH\Boot.php(67): CodeIgniter\Boot::runCodeIgniter(Object(CodeIgniter\CodeIgniter))
 7 FCPATH\index.php(56): CodeIgniter\Boot::bootWeb(Object(Config\Paths))
 8 SYSTEMPATH\rewrite.php(44): require_once('C:\\Users\\kerly\\Downloads\\Tugas-Besar-TST-II3160-K02-Kelompok-10\\Tugas-Besar-TST-II3160-K02-Kelompok-10\\public\\index.php')
CRITICAL - 2025-01-09 23:46:54 --> Error: Class "App\Models\TripDetailModel" not found
[Method: GET, Route: kerlyn/trip/]
in APPPATH\Controllers\TripController.php on line 18.
 1 SYSTEMPATH\CodeIgniter.php(903): App\Controllers\TripController->__construct()
 2 SYSTEMPATH\CodeIgniter.php(500): CodeIgniter\CodeIgniter->createController()
 3 SYSTEMPATH\CodeIgniter.php(355): CodeIgniter\CodeIgniter->handleRequest(null, Object(Config\Cache), false)
 4 SYSTEMPATH\Boot.php(334): CodeIgniter\CodeIgniter->run()
 5 SYSTEMPATH\Boot.php(67): CodeIgniter\Boot::runCodeIgniter(Object(CodeIgniter\CodeIgniter))
 6 FCPATH\index.php(56): CodeIgniter\Boot::bootWeb(Object(Config\Paths))
 7 SYSTEMPATH\rewrite.php(44): require_once('C:\\Users\\kerly\\Downloads\\Tugas-Besar-TST-II3160-K02-Kelompok-10\\Tugas-Besar-TST-II3160-K02-Kelompok-10\\public\\index.php')
